
<!DOCTYPE html>
<html>


<head>
	<meta charset='UTF-8' /> 
	<meta name='description' content='' />
	<meta name='robots' content='noodp, noydir' />
	<meta name='viewport' content='width=device-width, initial-scale=1' />
	<meta id="timeStampFormat" name="timeStampFormat" content='MMM d, yyyy hh:mm:ss a'/>
	
	<link href='https://fonts.googleapis.com/css?family=Source+Sans+Pro:400,600' rel='stylesheet' type='text/css'>
	<link href="https://fonts.googleapis.com/icon?family=Material+Icons" rel="stylesheet">

		<link href='https://cdn.rawgit.com/anshooarora/extentreports-java/b4a58fcfd1e137bd9287244035a7c80d3d73b3af/dist/css/extent.css' type='text/css' rel='stylesheet' />
	
	<title>NopCommerce - Cucumber Framework</title>

	<style type='text/css'>
			
            

      
        
	</style>
</head>

	<body class='extent standard default hide-overflow bdd-report'>
		<div id='theme-selector' alt='Click to toggle theme. To enable by default, use theme configuration.' title='Click to toggle theme. To enable by default, use theme configuration.'>
			<span><i class='material-icons'>desktop_windows</i></span>
		</div>

<nav>
	<div class="nav-wrapper">
		<a href="#!" class="brand-logo blue darken-3">Extent</a>

		<!-- slideout menu -->
		<ul id='slide-out' class='side-nav fixed hide-on-med-and-down'>
			<li class='waves-effect active'><a href='#!' view='test-view' onclick="configureView(0);chartsView('test');"><i class='material-icons'>dashboard</i></a></li>
							<li class='waves-effect'><a href='#!' view='author-view' onclick="configureView(3)"><i class='material-icons'>person</i></a></li>
			<li class='waves-effect'><a href='#!' view='exception-view' onclick="configureView(2)"><i class='material-icons'>bug_report</i></a></li>
			<li class='waves-effect'><a href='#!' onclick="configureView(-1);chartsView('dashboard');" view='dashboard-view'><i class='material-icons'>track_changes</i></i></a></li>
		</ul>

		<!-- report name -->
		<span class='report-name'>NopCommerce - Cucumber Report</span>
		
		<!-- report headline -->
		<span class='report-headline'></span>

		<!-- nav-right -->
		<ul id='nav-mobile' class='right hide-on-med-and-down nav-right'>
			<li>
                <a href='#!'>
                    <span class='label suite-start-time blue darken-3'>Apr 29, 2020 04:34:28 PM</span>
				</a>
			</li>
			<li>
                <a href='#!'>
                    <span class='label blue darken-3'>3.1.2</span>
				</a>
			</li>
		</ul>
	</div>
</nav>

		<!-- container -->
		<div class='container'>

<div id='test-view' class='view'>
				
	<section id='controls'>
		<div class='controls grey lighten-4'>
			<!-- test toggle -->
			<div class='chip transparent'>
				<a class='dropdown-button tests-toggle' data-activates='tests-toggle' data-constrainwidth='true' data-beloworigin='true' data-hover='true' href='#'>
					<i class='material-icons'>warning</i> Status
				</a>
				<ul id='tests-toggle' class='dropdown-content'>
											<li status='pass'><a href='#!'>Pass <i class='material-icons green-text'>check_circle</i></a></li>
						<li status='fail'><a href='#!'>Fail <i class='material-icons red-text'>cancel</i></a></li>
					<li class='divider'></li>
					<li status='clear' clear='true'><a href='#!'>Clear Filters <i class='material-icons'>clear</i></a></li>
				</ul>
			</div>
			<!-- test toggle -->

			<!-- category toggle -->
			<!-- category toggle -->

			<!-- clear filters -->
			<div class='chip transparent hide'>
				<a class='' id='clear-filters' alt='Clear Filters' title='Clear Filters'>
					<i class='material-icons'>close</i> Clear
				</a>
			</div>
			<!-- clear filters -->

			<!-- enable dashboard -->
			<div id='toggle-test-view-charts' class='chip transparent'>
				<a class='pink-text' id='enable-dashboard' alt='Enable Dashboard' title='Enable Dashboard'>
					<i class='material-icons'>track_changes</i> Dashboard
				</a>
			</div>
			<!-- enable dashboard -->

			<!-- search -->
			<div class='chip transparent' alt='Search Tests' title='Search Tests'>
				<a href="#" class='search-div'>
					<i class='material-icons'>search</i> Search
				</a>

				<div class='input-field left hide'>
					<input id='search-tests' type='text' class='validate browser-default' placeholder='Search Tests...'>
				</div>
				
			</div>
			<!-- search -->
		</div>
	</section>


<div id='test-view-charts' class='subview-full'>
	<div id='charts-row' class='row nm-v nm-h'>
		<div class='col s12 m4 l4 np-h'>
			<div class='card-panel nm-v'>
				<div class='left panel-name'>Features</div>
				<div class='chart-box'>
					<canvas id='parent-analysis' width='100' height='80'></canvas>
				</div>
				<div class='block text-small'>
					<span class='tooltipped' data-position='top' data-tooltip='50%'><span class='strong'>1</span> feature(s) passed</span>
				</div>
				<div class='block text-small'>
					<span class='strong tooltipped' data-position='top' data-tooltip='50%'>1</span> feature(s) failed, <span class='strong tooltipped' data-position='top' data-tooltip='0%'>0</span> others
				</div>
			</div>
		</div>
		
		<div class='col s12 m4 l4 np-h'>
			<div class='card-panel nm-v'>
				<div class='left panel-name'>Scenarios</div>
				<div class='chart-box'>
					<canvas id='child-analysis' width='100' height='80'></canvas>
				</div>
				<div class='block text-small'>
					<span class='tooltipped' data-position='top' data-tooltip='62.5%'><span class='strong'>10</span> scenario(s) passed</span>
				</div>
				<div class='block text-small'>
					<span class='strong tooltipped' data-position='top' data-tooltip='37.5%'>6</span> scenario(s) failed, <span class='strong tooltipped' data-position='top' data-tooltip='0%'>0</span> others
				</div>
			</div>
		</div>
		
		<div class='col s12 m4 l4 np-h'>
			<div class='card-panel nm-v'>
				<div class='left panel-name'>Steps</div>
				<div class='chart-box'>
					<canvas id='grandchild-analysis' width='100' height='80'></canvas>
				</div>
				<div class='block text-small'>
					<span class='tooltipped' data-position='top' data-tooltip='95.276%'><span class='strong'>121</span> step(s) passed</span>
				</div>
				<div class='block text-small'>
					<span class='strong tooltipped' data-position='top' data-tooltip='4.724%'>6</span> step(s) failed, <span class='strong tooltipped' data-position='top' data-tooltip='0%'>0</span> others
				</div>
			</div>
		</div>
	</div>
</div>

	<div class='subview-left left'>
		
		<div class='view-summary'>
			<h5>Features</h5>
			<ul id='test-collection' class='test-collection'>
				
				
				<li class='test displayed active has-leaf fail' status='fail' bdd='true' test-id='1'>
					<div class='test-heading'>
						<span class='test-name'>Login feature</span>
						<span class='test-time'>Apr 29, 2020 04:34:28 PM</span>
						<span class='test-status right fail'>fail</span>
					</div>
					<div class='test-content hide'>
<div class='scenario node' test-id='2' status='pass'>
	<span class='duration right label'>0h 0m 14s+180ms</span>
	<div class='desc'>
		<b>Scenario</b>
		<span class="desc-text">User should navigate to login page successfully</span>
	</div>
	<ul class='steps'>
		<li test-id='3' class='node given pass' status='pass'>
			
			<b>Given</b>
			
			<span class="bdd-step-name">Given I am on home page</span>
				<div class='pre'>passed</div>
			
		</li>
		<li test-id='4' class='node when pass' status='pass'>
			
			<b>When</b>
			
			<span class="bdd-step-name">When I click on login link</span>
				<div class='pre'>Clicking on login link : [[ChromeDriver: chrome on WINDOWS (02fd1137ed8098449d2e4c415ebec2a7)] -> link text: Log in]</div>
				<div class='pre'>passed</div>
			
		</li>
		<li test-id='5' class='node then pass' status='pass'>
			
			<b>Then</b>
			
			<span class="bdd-step-name">Then I should navigate to login page successfully</span>
				<div class='pre'>verify welcome text:  displayed on Login page [[ChromeDriver: chrome on WINDOWS (02fd1137ed8098449d2e4c415ebec2a7)] -> xpath: //div[@class='page-title']//h1]</div>
				<div class='pre'>passed</div>
			
		</li>
	</ul>
</div>
<div class='scenario node' test-id='6' status='fail'>
	<span class='duration right label'>0h 0m 43s+29ms</span>
	<div class='desc'>
		<b>Scenario</b>
		<span class="desc-text">User should login successfully with valid credentials</span>
	</div>
	<ul class='steps'>
		<li test-id='7' class='node given pass' status='pass'>
			
			<b>Given</b>
			
			<span class="bdd-step-name">Given I am on home page</span>
				<div class='pre'>passed</div>
			
		</li>
		<li test-id='8' class='node when pass' status='pass'>
			
			<b>When</b>
			
			<span class="bdd-step-name">When I click on login link</span>
				<div class='pre'>Clicking on login link : [[ChromeDriver: chrome on WINDOWS (5a59c3d347c831b9d0385dd711679c4b)] -> link text: Log in]</div>
				<div class='pre'>passed</div>
			
		</li>
		<li test-id='9' class='node and pass' status='pass'>
			
			<b>And</b>
			
			<span class="bdd-step-name">And I enter email "bjrpatel17@yahoo.com"</span>
				<div class='pre'>Enter email : bjrpatel17@yahoo.com to email field [[ChromeDriver: chrome on WINDOWS (5a59c3d347c831b9d0385dd711679c4b)] -> xpath: //input[@id='Email']]</div>
				<div class='pre'>passed</div>
			
		</li>
		<li test-id='10' class='node and pass' status='pass'>
			
			<b>And</b>
			
			<span class="bdd-step-name">And I enter password "abc123"</span>
				<div class='pre'>Enter password: abc123to password field[[ChromeDriver: chrome on WINDOWS (5a59c3d347c831b9d0385dd711679c4b)] -> id: Password]</div>
				<div class='pre'>passed</div>
			
		</li>
		<li test-id='11' class='node and pass' status='pass'>
			
			<b>And</b>
			
			<span class="bdd-step-name">And I click on login button</span>
				<div class='pre'>Click on login button[[ChromeDriver: chrome on WINDOWS (5a59c3d347c831b9d0385dd711679c4b)] -> xpath: //input[@class='button-1 login-button']]</div>
				<div class='pre'>passed</div>
			
		</li>
		<li test-id='12' class='node then fail' status='fail'>
			
			<b>Then</b>
			
			<span class="bdd-step-name">Then I should login successfully</span>
			<ul class='screenshots right'>
				<li><a data-featherlight="image" href="C:\Users\VB-HP2\Google Drive\Intellij project\CUCUMBER-PROJECT\nopcommerce-cucumber-project/src/main/java/com/demo/nopcommerce/screenshots/User_should_login_successfully_with_valid_credentials20200429043526.png"><i class='material-icons'>panorama</i></a></li>
			</ul>
				<div class='pre'>Verify welcome store text: displayed on welcome store page Proxy element for: DefaultElementLocator 'By.xpath: //div[@class='topic-block-title']//h2[text()='Welcome to our store']'</div>
				<div class='pre'><pre>org.openqa.selenium.NoSuchElementException: no such element: Unable to locate element: {"method":"xpath","selector":"//div[@class='topic-block-title']//h2[text()='Welcome to our store']"}
  (Session info: chrome=81.0.4044.129)
For documentation on this error, please visit: https://www.seleniumhq.org/exceptions/no_such_element.html
Build info: version: '3.141.59', revision: 'e82be7d358', time: '2018-11-14T08:17:03'
System info: host: 'DESKTOP-3OIKVFP', ip: '192.168.0.42', os.name: 'Windows 10', os.arch: 'amd64', os.version: '10.0', java.version: '1.8.0_121'
Driver info: org.openqa.selenium.chrome.ChromeDriver
Capabilities {acceptInsecureCerts: false, browserName: chrome, browserVersion: 81.0.4044.129, chrome: {chromedriverVersion: 80.0.3987.106 (f68069574609..., userDataDir: C:\Users\VB-HP2\AppData\Loc...}, goog:chromeOptions: {debuggerAddress: localhost:49448}, javascriptEnabled: true, networkConnectionEnabled: false, pageLoadStrategy: normal, platform: WINDOWS, platformName: WINDOWS, proxy: Proxy(), setWindowRect: true, strictFileInteractability: false, timeouts: {implicit: 0, pageLoad: 300000, script: 30000}, unhandledPromptBehavior: dismiss and notify}
Session ID: 5a59c3d347c831b9d0385dd711679c4b
*** Element info: {Using=xpath, value=//div[@class='topic-block-title']//h2[text()='Welcome to our store']}
	at sun.reflect.NativeConstructorAccessorImpl.newInstance0(Native Method)
	at sun.reflect.NativeConstructorAccessorImpl.newInstance(NativeConstructorAccessorImpl.java:62)
	at sun.reflect.DelegatingConstructorAccessorImpl.newInstance(DelegatingConstructorAccessorImpl.java:45)
	at java.lang.reflect.Constructor.newInstance(Constructor.java:423)
	at org.openqa.selenium.remote.http.W3CHttpResponseCodec.createException(W3CHttpResponseCodec.java:187)
	at org.openqa.selenium.remote.http.W3CHttpResponseCodec.decode(W3CHttpResponseCodec.java:122)
	at org.openqa.selenium.remote.http.W3CHttpResponseCodec.decode(W3CHttpResponseCodec.java:49)
	at org.openqa.selenium.remote.HttpCommandExecutor.execute(HttpCommandExecutor.java:158)
	at org.openqa.selenium.remote.service.DriverCommandExecutor.execute(DriverCommandExecutor.java:83)
	at org.openqa.selenium.remote.RemoteWebDriver.execute(RemoteWebDriver.java:552)
	at org.openqa.selenium.remote.RemoteWebDriver.findElement(RemoteWebDriver.java:323)
	at org.openqa.selenium.remote.RemoteWebDriver.findElementByXPath(RemoteWebDriver.java:428)
	at org.openqa.selenium.By$ByXPath.findElement(By.java:353)
	at org.openqa.selenium.remote.RemoteWebDriver.findElement(RemoteWebDriver.java:315)
	at org.openqa.selenium.support.pagefactory.DefaultElementLocator.findElement(DefaultElementLocator.java:69)
	at org.openqa.selenium.support.pagefactory.internal.LocatingElementHandler.invoke(LocatingElementHandler.java:38)
	at com.sun.proxy.$Proxy19.getText(Unknown Source)
	at com.demo.nopcommerce.utility.Utility.getTextFromElement(Utility.java:102)
	at com.demo.nopcommerce.pages.LoginPage.assertgetWelcomeStoreText(LoginPage.java:68)
	at com.demo.nopcommerce.cucumber.stepdefs.MyStepdefs.iShouldLoginSuccessfully(MyStepdefs.java:45)
	at ✽.Then I should login successfully(src/test/java/com/demo/nopcommerce/resources/featurefile/login.feature:15)
</pre></div>
			
		</li>
	</ul>
</div>
<div class='scenariooutline node' test-id='13' status='fail'>
	<span class='duration right label'>0h 5m 5s+351ms</span>
	<div class='desc'>
		<b>ScenarioOutline</b>
		<span class="desc-text">User should Login successfully with valid credentials</span>
	</div>
	<ul class='steps'>
		<li test-id='14' class='node scenario pass' status='pass'>
			
			<b>Scenario</b>
			
			<span class="bdd-step-name">User should Login successfully with valid credentials</span>
			
				<ul class='steps'>
					<li test-id='15' class='node given pass' status='pass'><b>Given</b>
						<span class="bdd-step-name">Given I am on home page</span>
							<div class='pre'>passed</div>
					</li>
					<li test-id='16' class='node when pass' status='pass'><b>When</b>
						<span class="bdd-step-name">When I click on login link</span>
							<div class='pre'>Clicking on login link : [[ChromeDriver: chrome on WINDOWS (d28a953699e5e7033586d7450694a664)] -> link text: Log in]</div>
							<div class='pre'>passed</div>
					</li>
					<li test-id='17' class='node and pass' status='pass'><b>And</b>
						<span class="bdd-step-name">And I enter email "xyz13@gmail.com"</span>
							<div class='pre'>Enter email : xyz13@gmail.com to email field [[ChromeDriver: chrome on WINDOWS (d28a953699e5e7033586d7450694a664)] -> xpath: //input[@id='Email']]</div>
							<div class='pre'>passed</div>
					</li>
					<li test-id='18' class='node and pass' status='pass'><b>And</b>
						<span class="bdd-step-name">And I enter password "abc123"</span>
							<div class='pre'>Enter password: abc123to password field[[ChromeDriver: chrome on WINDOWS (d28a953699e5e7033586d7450694a664)] -> id: Password]</div>
							<div class='pre'>passed</div>
					</li>
					<li test-id='19' class='node and pass' status='pass'><b>And</b>
						<span class="bdd-step-name">And I click on login button</span>
							<div class='pre'>Click on login button[[ChromeDriver: chrome on WINDOWS (d28a953699e5e7033586d7450694a664)] -> xpath: //input[@class='button-1 login-button']]</div>
							<div class='pre'>passed</div>
					</li>
					<li test-id='20' class='node then pass' status='pass'><b>Then</b>
						<span class="bdd-step-name">Then I should login successfully</span>
							<div class='pre'>Verify welcome store text: displayed on welcome store page [[ChromeDriver: chrome on WINDOWS (d28a953699e5e7033586d7450694a664)] -> xpath: //div[@class='topic-block-title']//h2[text()='Welcome to our store']]</div>
							<div class='pre'>passed</div>
					</li>
				</ul>
		</li>
		<li test-id='21' class='node scenario fail' status='fail'>
			
			<b>Scenario</b>
			
			<span class="bdd-step-name">User should Login successfully with valid credentials</span>
			
				<ul class='steps'>
					<li test-id='22' class='node given pass' status='pass'><b>Given</b>
						<span class="bdd-step-name">Given I am on home page</span>
							<div class='pre'>passed</div>
					</li>
					<li test-id='23' class='node when pass' status='pass'><b>When</b>
						<span class="bdd-step-name">When I click on login link</span>
							<div class='pre'>Clicking on login link : [[ChromeDriver: chrome on WINDOWS (4cdabeec8f23a937d1922751a866fb73)] -> link text: Log in]</div>
							<div class='pre'>passed</div>
					</li>
					<li test-id='24' class='node and pass' status='pass'><b>And</b>
						<span class="bdd-step-name">And I enter email "xyz1@gmail.com"</span>
							<div class='pre'>Enter email : xyz1@gmail.com to email field [[ChromeDriver: chrome on WINDOWS (4cdabeec8f23a937d1922751a866fb73)] -> xpath: //input[@id='Email']]</div>
							<div class='pre'>passed</div>
					</li>
					<li test-id='25' class='node and pass' status='pass'><b>And</b>
						<span class="bdd-step-name">And I enter password "abc1234"</span>
							<div class='pre'>Enter password: abc1234to password field[[ChromeDriver: chrome on WINDOWS (4cdabeec8f23a937d1922751a866fb73)] -> id: Password]</div>
							<div class='pre'>passed</div>
					</li>
					<li test-id='26' class='node and pass' status='pass'><b>And</b>
						<span class="bdd-step-name">And I click on login button</span>
							<div class='pre'>Click on login button[[ChromeDriver: chrome on WINDOWS (4cdabeec8f23a937d1922751a866fb73)] -> xpath: //input[@class='button-1 login-button']]</div>
							<div class='pre'>passed</div>
					</li>
					<li test-id='27' class='node then fail' status='fail'><b>Then</b>
						<span class="bdd-step-name">Then I should login successfully</span>
						<ul class='screenshots right'>
							<li><a data-featherlight="image" href="C:\Users\VB-HP2\Google Drive\Intellij project\CUCUMBER-PROJECT\nopcommerce-cucumber-project/src/main/java/com/demo/nopcommerce/screenshots/User_should_Login_successfully_with_valid_credentials20200429043637.png"><i class='material-icons'>panorama</i></a></li>
						</ul>
							<div class='pre'>Verify welcome store text: displayed on welcome store page Proxy element for: DefaultElementLocator 'By.xpath: //div[@class='topic-block-title']//h2[text()='Welcome to our store']'</div>
							<div class='pre'><pre>org.openqa.selenium.NoSuchElementException: no such element: Unable to locate element: {"method":"xpath","selector":"//div[@class='topic-block-title']//h2[text()='Welcome to our store']"}
  (Session info: chrome=81.0.4044.129)
For documentation on this error, please visit: https://www.seleniumhq.org/exceptions/no_such_element.html
Build info: version: '3.141.59', revision: 'e82be7d358', time: '2018-11-14T08:17:03'
System info: host: 'DESKTOP-3OIKVFP', ip: '192.168.0.42', os.name: 'Windows 10', os.arch: 'amd64', os.version: '10.0', java.version: '1.8.0_121'
Driver info: org.openqa.selenium.chrome.ChromeDriver
Capabilities {acceptInsecureCerts: false, browserName: chrome, browserVersion: 81.0.4044.129, chrome: {chromedriverVersion: 80.0.3987.106 (f68069574609..., userDataDir: C:\Users\VB-HP2\AppData\Loc...}, goog:chromeOptions: {debuggerAddress: localhost:49562}, javascriptEnabled: true, networkConnectionEnabled: false, pageLoadStrategy: normal, platform: WINDOWS, platformName: WINDOWS, proxy: Proxy(), setWindowRect: true, strictFileInteractability: false, timeouts: {implicit: 0, pageLoad: 300000, script: 30000}, unhandledPromptBehavior: dismiss and notify}
Session ID: 4cdabeec8f23a937d1922751a866fb73
*** Element info: {Using=xpath, value=//div[@class='topic-block-title']//h2[text()='Welcome to our store']}
	at sun.reflect.NativeConstructorAccessorImpl.newInstance0(Native Method)
	at sun.reflect.NativeConstructorAccessorImpl.newInstance(NativeConstructorAccessorImpl.java:62)
	at sun.reflect.DelegatingConstructorAccessorImpl.newInstance(DelegatingConstructorAccessorImpl.java:45)
	at java.lang.reflect.Constructor.newInstance(Constructor.java:423)
	at org.openqa.selenium.remote.http.W3CHttpResponseCodec.createException(W3CHttpResponseCodec.java:187)
	at org.openqa.selenium.remote.http.W3CHttpResponseCodec.decode(W3CHttpResponseCodec.java:122)
	at org.openqa.selenium.remote.http.W3CHttpResponseCodec.decode(W3CHttpResponseCodec.java:49)
	at org.openqa.selenium.remote.HttpCommandExecutor.execute(HttpCommandExecutor.java:158)
	at org.openqa.selenium.remote.service.DriverCommandExecutor.execute(DriverCommandExecutor.java:83)
	at org.openqa.selenium.remote.RemoteWebDriver.execute(RemoteWebDriver.java:552)
	at org.openqa.selenium.remote.RemoteWebDriver.findElement(RemoteWebDriver.java:323)
	at org.openqa.selenium.remote.RemoteWebDriver.findElementByXPath(RemoteWebDriver.java:428)
	at org.openqa.selenium.By$ByXPath.findElement(By.java:353)
	at org.openqa.selenium.remote.RemoteWebDriver.findElement(RemoteWebDriver.java:315)
	at org.openqa.selenium.support.pagefactory.DefaultElementLocator.findElement(DefaultElementLocator.java:69)
	at org.openqa.selenium.support.pagefactory.internal.LocatingElementHandler.invoke(LocatingElementHandler.java:38)
	at com.sun.proxy.$Proxy19.getText(Unknown Source)
	at com.demo.nopcommerce.utility.Utility.getTextFromElement(Utility.java:102)
	at com.demo.nopcommerce.pages.LoginPage.assertgetWelcomeStoreText(LoginPage.java:68)
	at com.demo.nopcommerce.cucumber.stepdefs.MyStepdefs.iShouldLoginSuccessfully(MyStepdefs.java:45)
	at ✽.Then I should login successfully(src/test/java/com/demo/nopcommerce/resources/featurefile/login.feature:23)
</pre></div>
					</li>
				</ul>
		</li>
		<li test-id='28' class='node scenario fail' status='fail'>
			
			<b>Scenario</b>
			
			<span class="bdd-step-name">User should Login successfully with valid credentials</span>
			
				<ul class='steps'>
					<li test-id='29' class='node given pass' status='pass'><b>Given</b>
						<span class="bdd-step-name">Given I am on home page</span>
							<div class='pre'>passed</div>
					</li>
					<li test-id='30' class='node when pass' status='pass'><b>When</b>
						<span class="bdd-step-name">When I click on login link</span>
							<div class='pre'>Clicking on login link : [[ChromeDriver: chrome on WINDOWS (cc8e26bfba1a2026ee7d60dcadb14dad)] -> link text: Log in]</div>
							<div class='pre'>passed</div>
					</li>
					<li test-id='31' class='node and pass' status='pass'><b>And</b>
						<span class="bdd-step-name">And I enter email "ram111@yahoo.com"</span>
							<div class='pre'>Enter email : ram111@yahoo.com to email field [[ChromeDriver: chrome on WINDOWS (cc8e26bfba1a2026ee7d60dcadb14dad)] -> xpath: //input[@id='Email']]</div>
							<div class='pre'>passed</div>
					</li>
					<li test-id='32' class='node and pass' status='pass'><b>And</b>
						<span class="bdd-step-name">And I enter password "london3"</span>
							<div class='pre'>Enter password: london3to password field[[ChromeDriver: chrome on WINDOWS (cc8e26bfba1a2026ee7d60dcadb14dad)] -> id: Password]</div>
							<div class='pre'>passed</div>
					</li>
					<li test-id='33' class='node and pass' status='pass'><b>And</b>
						<span class="bdd-step-name">And I click on login button</span>
							<div class='pre'>Click on login button[[ChromeDriver: chrome on WINDOWS (cc8e26bfba1a2026ee7d60dcadb14dad)] -> xpath: //input[@class='button-1 login-button']]</div>
							<div class='pre'>passed</div>
					</li>
					<li test-id='34' class='node then fail' status='fail'><b>Then</b>
						<span class="bdd-step-name">Then I should login successfully</span>
						<ul class='screenshots right'>
							<li><a data-featherlight="image" href="C:\Users\VB-HP2\Google Drive\Intellij project\CUCUMBER-PROJECT\nopcommerce-cucumber-project/src/main/java/com/demo/nopcommerce/screenshots/User_should_Login_successfully_with_valid_credentials20200429043724.png"><i class='material-icons'>panorama</i></a></li>
						</ul>
							<div class='pre'>Verify welcome store text: displayed on welcome store page Proxy element for: DefaultElementLocator 'By.xpath: //div[@class='topic-block-title']//h2[text()='Welcome to our store']'</div>
							<div class='pre'><pre>org.openqa.selenium.NoSuchElementException: no such element: Unable to locate element: {"method":"xpath","selector":"//div[@class='topic-block-title']//h2[text()='Welcome to our store']"}
  (Session info: chrome=81.0.4044.129)
For documentation on this error, please visit: https://www.seleniumhq.org/exceptions/no_such_element.html
Build info: version: '3.141.59', revision: 'e82be7d358', time: '2018-11-14T08:17:03'
System info: host: 'DESKTOP-3OIKVFP', ip: '192.168.0.42', os.name: 'Windows 10', os.arch: 'amd64', os.version: '10.0', java.version: '1.8.0_121'
Driver info: org.openqa.selenium.chrome.ChromeDriver
Capabilities {acceptInsecureCerts: false, browserName: chrome, browserVersion: 81.0.4044.129, chrome: {chromedriverVersion: 80.0.3987.106 (f68069574609..., userDataDir: C:\Users\VB-HP2\AppData\Loc...}, goog:chromeOptions: {debuggerAddress: localhost:49608}, javascriptEnabled: true, networkConnectionEnabled: false, pageLoadStrategy: normal, platform: WINDOWS, platformName: WINDOWS, proxy: Proxy(), setWindowRect: true, strictFileInteractability: false, timeouts: {implicit: 0, pageLoad: 300000, script: 30000}, unhandledPromptBehavior: dismiss and notify}
Session ID: cc8e26bfba1a2026ee7d60dcadb14dad
*** Element info: {Using=xpath, value=//div[@class='topic-block-title']//h2[text()='Welcome to our store']}
	at sun.reflect.NativeConstructorAccessorImpl.newInstance0(Native Method)
	at sun.reflect.NativeConstructorAccessorImpl.newInstance(NativeConstructorAccessorImpl.java:62)
	at sun.reflect.DelegatingConstructorAccessorImpl.newInstance(DelegatingConstructorAccessorImpl.java:45)
	at java.lang.reflect.Constructor.newInstance(Constructor.java:423)
	at org.openqa.selenium.remote.http.W3CHttpResponseCodec.createException(W3CHttpResponseCodec.java:187)
	at org.openqa.selenium.remote.http.W3CHttpResponseCodec.decode(W3CHttpResponseCodec.java:122)
	at org.openqa.selenium.remote.http.W3CHttpResponseCodec.decode(W3CHttpResponseCodec.java:49)
	at org.openqa.selenium.remote.HttpCommandExecutor.execute(HttpCommandExecutor.java:158)
	at org.openqa.selenium.remote.service.DriverCommandExecutor.execute(DriverCommandExecutor.java:83)
	at org.openqa.selenium.remote.RemoteWebDriver.execute(RemoteWebDriver.java:552)
	at org.openqa.selenium.remote.RemoteWebDriver.findElement(RemoteWebDriver.java:323)
	at org.openqa.selenium.remote.RemoteWebDriver.findElementByXPath(RemoteWebDriver.java:428)
	at org.openqa.selenium.By$ByXPath.findElement(By.java:353)
	at org.openqa.selenium.remote.RemoteWebDriver.findElement(RemoteWebDriver.java:315)
	at org.openqa.selenium.support.pagefactory.DefaultElementLocator.findElement(DefaultElementLocator.java:69)
	at org.openqa.selenium.support.pagefactory.internal.LocatingElementHandler.invoke(LocatingElementHandler.java:38)
	at com.sun.proxy.$Proxy19.getText(Unknown Source)
	at com.demo.nopcommerce.utility.Utility.getTextFromElement(Utility.java:102)
	at com.demo.nopcommerce.pages.LoginPage.assertgetWelcomeStoreText(LoginPage.java:68)
	at com.demo.nopcommerce.cucumber.stepdefs.MyStepdefs.iShouldLoginSuccessfully(MyStepdefs.java:45)
	at ✽.Then I should login successfully(src/test/java/com/demo/nopcommerce/resources/featurefile/login.feature:23)
</pre></div>
					</li>
				</ul>
		</li>
		<li test-id='35' class='node scenario fail' status='fail'>
			
			<b>Scenario</b>
			
			<span class="bdd-step-name">User should Login successfully with valid credentials</span>
			
				<ul class='steps'>
					<li test-id='36' class='node given pass' status='pass'><b>Given</b>
						<span class="bdd-step-name">Given I am on home page</span>
							<div class='pre'>passed</div>
					</li>
					<li test-id='37' class='node when pass' status='pass'><b>When</b>
						<span class="bdd-step-name">When I click on login link</span>
							<div class='pre'>Clicking on login link : [[ChromeDriver: chrome on WINDOWS (1208b1bcbbb30c1e338d5b1d9c9975ec)] -> link text: Log in]</div>
							<div class='pre'>passed</div>
					</li>
					<li test-id='38' class='node and pass' status='pass'><b>And</b>
						<span class="bdd-step-name">And I enter email "ram222@yahoo.com"</span>
							<div class='pre'>Enter email : ram222@yahoo.com to email field [[ChromeDriver: chrome on WINDOWS (1208b1bcbbb30c1e338d5b1d9c9975ec)] -> xpath: //input[@id='Email']]</div>
							<div class='pre'>passed</div>
					</li>
					<li test-id='39' class='node and pass' status='pass'><b>And</b>
						<span class="bdd-step-name">And I enter password "london1"</span>
							<div class='pre'>Enter password: london1to password field[[ChromeDriver: chrome on WINDOWS (1208b1bcbbb30c1e338d5b1d9c9975ec)] -> id: Password]</div>
							<div class='pre'>passed</div>
					</li>
					<li test-id='40' class='node and pass' status='pass'><b>And</b>
						<span class="bdd-step-name">And I click on login button</span>
							<div class='pre'>Click on login button[[ChromeDriver: chrome on WINDOWS (1208b1bcbbb30c1e338d5b1d9c9975ec)] -> xpath: //input[@class='button-1 login-button']]</div>
							<div class='pre'>passed</div>
					</li>
					<li test-id='41' class='node then fail' status='fail'><b>Then</b>
						<span class="bdd-step-name">Then I should login successfully</span>
						<ul class='screenshots right'>
							<li><a data-featherlight="image" href="C:\Users\VB-HP2\Google Drive\Intellij project\CUCUMBER-PROJECT\nopcommerce-cucumber-project/src/main/java/com/demo/nopcommerce/screenshots/User_should_Login_successfully_with_valid_credentials20200429043809.png"><i class='material-icons'>panorama</i></a></li>
						</ul>
							<div class='pre'>Verify welcome store text: displayed on welcome store page Proxy element for: DefaultElementLocator 'By.xpath: //div[@class='topic-block-title']//h2[text()='Welcome to our store']'</div>
							<div class='pre'><pre>org.openqa.selenium.NoSuchElementException: no such element: Unable to locate element: {"method":"xpath","selector":"//div[@class='topic-block-title']//h2[text()='Welcome to our store']"}
  (Session info: chrome=81.0.4044.129)
For documentation on this error, please visit: https://www.seleniumhq.org/exceptions/no_such_element.html
Build info: version: '3.141.59', revision: 'e82be7d358', time: '2018-11-14T08:17:03'
System info: host: 'DESKTOP-3OIKVFP', ip: '192.168.0.42', os.name: 'Windows 10', os.arch: 'amd64', os.version: '10.0', java.version: '1.8.0_121'
Driver info: org.openqa.selenium.chrome.ChromeDriver
Capabilities {acceptInsecureCerts: false, browserName: chrome, browserVersion: 81.0.4044.129, chrome: {chromedriverVersion: 80.0.3987.106 (f68069574609..., userDataDir: C:\Users\VB-HP2\AppData\Loc...}, goog:chromeOptions: {debuggerAddress: localhost:49660}, javascriptEnabled: true, networkConnectionEnabled: false, pageLoadStrategy: normal, platform: WINDOWS, platformName: WINDOWS, proxy: Proxy(), setWindowRect: true, strictFileInteractability: false, timeouts: {implicit: 0, pageLoad: 300000, script: 30000}, unhandledPromptBehavior: dismiss and notify}
Session ID: 1208b1bcbbb30c1e338d5b1d9c9975ec
*** Element info: {Using=xpath, value=//div[@class='topic-block-title']//h2[text()='Welcome to our store']}
	at sun.reflect.NativeConstructorAccessorImpl.newInstance0(Native Method)
	at sun.reflect.NativeConstructorAccessorImpl.newInstance(NativeConstructorAccessorImpl.java:62)
	at sun.reflect.DelegatingConstructorAccessorImpl.newInstance(DelegatingConstructorAccessorImpl.java:45)
	at java.lang.reflect.Constructor.newInstance(Constructor.java:423)
	at org.openqa.selenium.remote.http.W3CHttpResponseCodec.createException(W3CHttpResponseCodec.java:187)
	at org.openqa.selenium.remote.http.W3CHttpResponseCodec.decode(W3CHttpResponseCodec.java:122)
	at org.openqa.selenium.remote.http.W3CHttpResponseCodec.decode(W3CHttpResponseCodec.java:49)
	at org.openqa.selenium.remote.HttpCommandExecutor.execute(HttpCommandExecutor.java:158)
	at org.openqa.selenium.remote.service.DriverCommandExecutor.execute(DriverCommandExecutor.java:83)
	at org.openqa.selenium.remote.RemoteWebDriver.execute(RemoteWebDriver.java:552)
	at org.openqa.selenium.remote.RemoteWebDriver.findElement(RemoteWebDriver.java:323)
	at org.openqa.selenium.remote.RemoteWebDriver.findElementByXPath(RemoteWebDriver.java:428)
	at org.openqa.selenium.By$ByXPath.findElement(By.java:353)
	at org.openqa.selenium.remote.RemoteWebDriver.findElement(RemoteWebDriver.java:315)
	at org.openqa.selenium.support.pagefactory.DefaultElementLocator.findElement(DefaultElementLocator.java:69)
	at org.openqa.selenium.support.pagefactory.internal.LocatingElementHandler.invoke(LocatingElementHandler.java:38)
	at com.sun.proxy.$Proxy19.getText(Unknown Source)
	at com.demo.nopcommerce.utility.Utility.getTextFromElement(Utility.java:102)
	at com.demo.nopcommerce.pages.LoginPage.assertgetWelcomeStoreText(LoginPage.java:68)
	at com.demo.nopcommerce.cucumber.stepdefs.MyStepdefs.iShouldLoginSuccessfully(MyStepdefs.java:45)
	at ✽.Then I should login successfully(src/test/java/com/demo/nopcommerce/resources/featurefile/login.feature:23)
</pre></div>
					</li>
				</ul>
		</li>
		<li test-id='42' class='node scenario fail' status='fail'>
			
			<b>Scenario</b>
			
			<span class="bdd-step-name">User should Login successfully with valid credentials</span>
			
				<ul class='steps'>
					<li test-id='43' class='node given pass' status='pass'><b>Given</b>
						<span class="bdd-step-name">Given I am on home page</span>
							<div class='pre'>passed</div>
					</li>
					<li test-id='44' class='node when pass' status='pass'><b>When</b>
						<span class="bdd-step-name">When I click on login link</span>
							<div class='pre'>Clicking on login link : [[ChromeDriver: chrome on WINDOWS (c893c9f487fb3592ee47bc09db68f428)] -> link text: Log in]</div>
							<div class='pre'>passed</div>
					</li>
					<li test-id='45' class='node and pass' status='pass'><b>And</b>
						<span class="bdd-step-name">And I enter email "ram333@yahoo.com"</span>
							<div class='pre'>Enter email : ram333@yahoo.com to email field [[ChromeDriver: chrome on WINDOWS (c893c9f487fb3592ee47bc09db68f428)] -> xpath: //input[@id='Email']]</div>
							<div class='pre'>passed</div>
					</li>
					<li test-id='46' class='node and pass' status='pass'><b>And</b>
						<span class="bdd-step-name">And I enter password "london2"</span>
							<div class='pre'>Enter password: london2to password field[[ChromeDriver: chrome on WINDOWS (c893c9f487fb3592ee47bc09db68f428)] -> id: Password]</div>
							<div class='pre'>passed</div>
					</li>
					<li test-id='47' class='node and pass' status='pass'><b>And</b>
						<span class="bdd-step-name">And I click on login button</span>
							<div class='pre'>Click on login button[[ChromeDriver: chrome on WINDOWS (c893c9f487fb3592ee47bc09db68f428)] -> xpath: //input[@class='button-1 login-button']]</div>
							<div class='pre'>passed</div>
					</li>
					<li test-id='48' class='node then fail' status='fail'><b>Then</b>
						<span class="bdd-step-name">Then I should login successfully</span>
						<ul class='screenshots right'>
							<li><a data-featherlight="image" href="C:\Users\VB-HP2\Google Drive\Intellij project\CUCUMBER-PROJECT\nopcommerce-cucumber-project/src/main/java/com/demo/nopcommerce/screenshots/User_should_Login_successfully_with_valid_credentials20200429043853.png"><i class='material-icons'>panorama</i></a></li>
						</ul>
							<div class='pre'>Verify welcome store text: displayed on welcome store page Proxy element for: DefaultElementLocator 'By.xpath: //div[@class='topic-block-title']//h2[text()='Welcome to our store']'</div>
							<div class='pre'><pre>org.openqa.selenium.NoSuchElementException: no such element: Unable to locate element: {"method":"xpath","selector":"//div[@class='topic-block-title']//h2[text()='Welcome to our store']"}
  (Session info: chrome=81.0.4044.129)
For documentation on this error, please visit: https://www.seleniumhq.org/exceptions/no_such_element.html
Build info: version: '3.141.59', revision: 'e82be7d358', time: '2018-11-14T08:17:03'
System info: host: 'DESKTOP-3OIKVFP', ip: '192.168.0.42', os.name: 'Windows 10', os.arch: 'amd64', os.version: '10.0', java.version: '1.8.0_121'
Driver info: org.openqa.selenium.chrome.ChromeDriver
Capabilities {acceptInsecureCerts: false, browserName: chrome, browserVersion: 81.0.4044.129, chrome: {chromedriverVersion: 80.0.3987.106 (f68069574609..., userDataDir: C:\Users\VB-HP2\AppData\Loc...}, goog:chromeOptions: {debuggerAddress: localhost:49717}, javascriptEnabled: true, networkConnectionEnabled: false, pageLoadStrategy: normal, platform: WINDOWS, platformName: WINDOWS, proxy: Proxy(), setWindowRect: true, strictFileInteractability: false, timeouts: {implicit: 0, pageLoad: 300000, script: 30000}, unhandledPromptBehavior: dismiss and notify}
Session ID: c893c9f487fb3592ee47bc09db68f428
*** Element info: {Using=xpath, value=//div[@class='topic-block-title']//h2[text()='Welcome to our store']}
	at sun.reflect.NativeConstructorAccessorImpl.newInstance0(Native Method)
	at sun.reflect.NativeConstructorAccessorImpl.newInstance(NativeConstructorAccessorImpl.java:62)
	at sun.reflect.DelegatingConstructorAccessorImpl.newInstance(DelegatingConstructorAccessorImpl.java:45)
	at java.lang.reflect.Constructor.newInstance(Constructor.java:423)
	at org.openqa.selenium.remote.http.W3CHttpResponseCodec.createException(W3CHttpResponseCodec.java:187)
	at org.openqa.selenium.remote.http.W3CHttpResponseCodec.decode(W3CHttpResponseCodec.java:122)
	at org.openqa.selenium.remote.http.W3CHttpResponseCodec.decode(W3CHttpResponseCodec.java:49)
	at org.openqa.selenium.remote.HttpCommandExecutor.execute(HttpCommandExecutor.java:158)
	at org.openqa.selenium.remote.service.DriverCommandExecutor.execute(DriverCommandExecutor.java:83)
	at org.openqa.selenium.remote.RemoteWebDriver.execute(RemoteWebDriver.java:552)
	at org.openqa.selenium.remote.RemoteWebDriver.findElement(RemoteWebDriver.java:323)
	at org.openqa.selenium.remote.RemoteWebDriver.findElementByXPath(RemoteWebDriver.java:428)
	at org.openqa.selenium.By$ByXPath.findElement(By.java:353)
	at org.openqa.selenium.remote.RemoteWebDriver.findElement(RemoteWebDriver.java:315)
	at org.openqa.selenium.support.pagefactory.DefaultElementLocator.findElement(DefaultElementLocator.java:69)
	at org.openqa.selenium.support.pagefactory.internal.LocatingElementHandler.invoke(LocatingElementHandler.java:38)
	at com.sun.proxy.$Proxy19.getText(Unknown Source)
	at com.demo.nopcommerce.utility.Utility.getTextFromElement(Utility.java:102)
	at com.demo.nopcommerce.pages.LoginPage.assertgetWelcomeStoreText(LoginPage.java:68)
	at com.demo.nopcommerce.cucumber.stepdefs.MyStepdefs.iShouldLoginSuccessfully(MyStepdefs.java:45)
	at ✽.Then I should login successfully(src/test/java/com/demo/nopcommerce/resources/featurefile/login.feature:23)
</pre></div>
					</li>
				</ul>
		</li>
		<li test-id='49' class='node scenario pass' status='pass'>
			
			<b>Scenario</b>
			
			<span class="bdd-step-name">User should Login successfully with valid credentials</span>
			
				<ul class='steps'>
					<li test-id='50' class='node given pass' status='pass'><b>Given</b>
						<span class="bdd-step-name">Given I am on home page</span>
							<div class='pre'>passed</div>
					</li>
					<li test-id='51' class='node when pass' status='pass'><b>When</b>
						<span class="bdd-step-name">When I click on login link</span>
							<div class='pre'>Clicking on login link : [[ChromeDriver: chrome on WINDOWS (887ffc09dd665149d2a8893af4475528)] -> link text: Log in]</div>
							<div class='pre'>passed</div>
					</li>
					<li test-id='52' class='node and pass' status='pass'><b>And</b>
						<span class="bdd-step-name">And I enter email "ram444@yahoo.com"</span>
							<div class='pre'>Enter email : ram444@yahoo.com to email field [[ChromeDriver: chrome on WINDOWS (887ffc09dd665149d2a8893af4475528)] -> xpath: //input[@id='Email']]</div>
							<div class='pre'>passed</div>
					</li>
					<li test-id='53' class='node and pass' status='pass'><b>And</b>
						<span class="bdd-step-name">And I enter password "london4"</span>
							<div class='pre'>Enter password: london4to password field[[ChromeDriver: chrome on WINDOWS (887ffc09dd665149d2a8893af4475528)] -> id: Password]</div>
							<div class='pre'>passed</div>
					</li>
					<li test-id='54' class='node and pass' status='pass'><b>And</b>
						<span class="bdd-step-name">And I click on login button</span>
							<div class='pre'>Click on login button[[ChromeDriver: chrome on WINDOWS (887ffc09dd665149d2a8893af4475528)] -> xpath: //input[@class='button-1 login-button']]</div>
							<div class='pre'>passed</div>
					</li>
					<li test-id='55' class='node then pass' status='pass'><b>Then</b>
						<span class="bdd-step-name">Then I should login successfully</span>
							<div class='pre'>Verify welcome store text: displayed on welcome store page [[ChromeDriver: chrome on WINDOWS (887ffc09dd665149d2a8893af4475528)] -> xpath: //div[@class='topic-block-title']//h2[text()='Welcome to our store']]</div>
							<div class='pre'>passed</div>
					</li>
				</ul>
		</li>
		<li test-id='56' class='node scenario fail' status='fail'>
			
			<b>Scenario</b>
			
			<span class="bdd-step-name">User should Login successfully with valid credentials</span>
			
				<ul class='steps'>
					<li test-id='57' class='node given pass' status='pass'><b>Given</b>
						<span class="bdd-step-name">Given I am on home page</span>
							<div class='pre'>passed</div>
					</li>
					<li test-id='58' class='node when pass' status='pass'><b>When</b>
						<span class="bdd-step-name">When I click on login link</span>
							<div class='pre'>Clicking on login link : [[ChromeDriver: chrome on WINDOWS (e09a7f08cd28469094a6d6ee20e1b7b2)] -> link text: Log in]</div>
							<div class='pre'>passed</div>
					</li>
					<li test-id='59' class='node and pass' status='pass'><b>And</b>
						<span class="bdd-step-name">And I enter email "ram555@yahoo.com"</span>
							<div class='pre'>Enter email : ram555@yahoo.com to email field [[ChromeDriver: chrome on WINDOWS (e09a7f08cd28469094a6d6ee20e1b7b2)] -> xpath: //input[@id='Email']]</div>
							<div class='pre'>passed</div>
					</li>
					<li test-id='60' class='node and pass' status='pass'><b>And</b>
						<span class="bdd-step-name">And I enter password "london5"</span>
							<div class='pre'>Enter password: london5to password field[[ChromeDriver: chrome on WINDOWS (e09a7f08cd28469094a6d6ee20e1b7b2)] -> id: Password]</div>
							<div class='pre'>passed</div>
					</li>
					<li test-id='61' class='node and pass' status='pass'><b>And</b>
						<span class="bdd-step-name">And I click on login button</span>
							<div class='pre'>Click on login button[[ChromeDriver: chrome on WINDOWS (e09a7f08cd28469094a6d6ee20e1b7b2)] -> xpath: //input[@class='button-1 login-button']]</div>
							<div class='pre'>passed</div>
					</li>
					<li test-id='62' class='node then fail' status='fail'><b>Then</b>
						<span class="bdd-step-name">Then I should login successfully</span>
						<ul class='screenshots right'>
							<li><a data-featherlight="image" href="C:\Users\VB-HP2\Google Drive\Intellij project\CUCUMBER-PROJECT\nopcommerce-cucumber-project/src/main/java/com/demo/nopcommerce/screenshots/User_should_Login_successfully_with_valid_credentials20200429044032.png"><i class='material-icons'>panorama</i></a></li>
						</ul>
							<div class='pre'>Verify welcome store text: displayed on welcome store page Proxy element for: DefaultElementLocator 'By.xpath: //div[@class='topic-block-title']//h2[text()='Welcome to our store']'</div>
							<div class='pre'><pre>org.openqa.selenium.NoSuchElementException: no such element: Unable to locate element: {"method":"xpath","selector":"//div[@class='topic-block-title']//h2[text()='Welcome to our store']"}
  (Session info: chrome=81.0.4044.129)
For documentation on this error, please visit: https://www.seleniumhq.org/exceptions/no_such_element.html
Build info: version: '3.141.59', revision: 'e82be7d358', time: '2018-11-14T08:17:03'
System info: host: 'DESKTOP-3OIKVFP', ip: '192.168.0.42', os.name: 'Windows 10', os.arch: 'amd64', os.version: '10.0', java.version: '1.8.0_121'
Driver info: org.openqa.selenium.chrome.ChromeDriver
Capabilities {acceptInsecureCerts: false, browserName: chrome, browserVersion: 81.0.4044.129, chrome: {chromedriverVersion: 80.0.3987.106 (f68069574609..., userDataDir: C:\Users\VB-HP2\AppData\Loc...}, goog:chromeOptions: {debuggerAddress: localhost:49850}, javascriptEnabled: true, networkConnectionEnabled: false, pageLoadStrategy: normal, platform: WINDOWS, platformName: WINDOWS, proxy: Proxy(), setWindowRect: true, strictFileInteractability: false, timeouts: {implicit: 0, pageLoad: 300000, script: 30000}, unhandledPromptBehavior: dismiss and notify}
Session ID: e09a7f08cd28469094a6d6ee20e1b7b2
*** Element info: {Using=xpath, value=//div[@class='topic-block-title']//h2[text()='Welcome to our store']}
	at sun.reflect.GeneratedConstructorAccessor19.newInstance(Unknown Source)
	at sun.reflect.DelegatingConstructorAccessorImpl.newInstance(DelegatingConstructorAccessorImpl.java:45)
	at java.lang.reflect.Constructor.newInstance(Constructor.java:423)
	at org.openqa.selenium.remote.http.W3CHttpResponseCodec.createException(W3CHttpResponseCodec.java:187)
	at org.openqa.selenium.remote.http.W3CHttpResponseCodec.decode(W3CHttpResponseCodec.java:122)
	at org.openqa.selenium.remote.http.W3CHttpResponseCodec.decode(W3CHttpResponseCodec.java:49)
	at org.openqa.selenium.remote.HttpCommandExecutor.execute(HttpCommandExecutor.java:158)
	at org.openqa.selenium.remote.service.DriverCommandExecutor.execute(DriverCommandExecutor.java:83)
	at org.openqa.selenium.remote.RemoteWebDriver.execute(RemoteWebDriver.java:552)
	at org.openqa.selenium.remote.RemoteWebDriver.findElement(RemoteWebDriver.java:323)
	at org.openqa.selenium.remote.RemoteWebDriver.findElementByXPath(RemoteWebDriver.java:428)
	at org.openqa.selenium.By$ByXPath.findElement(By.java:353)
	at org.openqa.selenium.remote.RemoteWebDriver.findElement(RemoteWebDriver.java:315)
	at org.openqa.selenium.support.pagefactory.DefaultElementLocator.findElement(DefaultElementLocator.java:69)
	at org.openqa.selenium.support.pagefactory.internal.LocatingElementHandler.invoke(LocatingElementHandler.java:38)
	at com.sun.proxy.$Proxy19.getText(Unknown Source)
	at com.demo.nopcommerce.utility.Utility.getTextFromElement(Utility.java:102)
	at com.demo.nopcommerce.pages.LoginPage.assertgetWelcomeStoreText(LoginPage.java:68)
	at com.demo.nopcommerce.cucumber.stepdefs.MyStepdefs.iShouldLoginSuccessfully(MyStepdefs.java:45)
	at ✽.Then I should login successfully(src/test/java/com/demo/nopcommerce/resources/featurefile/login.feature:23)
</pre></div>
					</li>
				</ul>
		</li>
	</ul>
</div>
					</div>
				</li>
				
				
				<li class='test displayed active has-leaf pass' status='pass' bdd='true' test-id='63'>
					<div class='test-heading'>
						<span class='test-name'>Registration Feature</span>
						<span class='test-time'>Apr 29, 2020 04:40:34 PM</span>
						<span class='test-status right pass'>pass</span>
					</div>
					<div class='test-content hide'>
<div class='scenario node' test-id='64' status='pass'>
	<span class='duration right label'>0h 0m 14s+174ms</span>
	<div class='desc'>
		<b>Scenario</b>
		<span class="desc-text">User should navigate to Register page successfully</span>
	</div>
	<ul class='steps'>
		<li test-id='65' class='node given pass' status='pass'>
			
			<b>Given</b>
			
			<span class="bdd-step-name">Given I am on Home page</span>
				<div class='pre'>passed</div>
			
		</li>
		<li test-id='66' class='node when pass' status='pass'>
			
			<b>When</b>
			
			<span class="bdd-step-name">When I click on Register Link</span>
				<div class='pre'>Clicking on register link : [[ChromeDriver: chrome on WINDOWS (f02699d88335df290b6eb1c1257170de)] -> xpath: //a[@class='ico-register']]</div>
				<div class='pre'>passed</div>
			
		</li>
		<li test-id='67' class='node then pass' status='pass'>
			
			<b>Then</b>
			
			<span class="bdd-step-name">Then I should navigate to Register page successfully</span>
				<div class='pre'>Verify personal Text:  displayed on personal text page [[ChromeDriver: chrome on WINDOWS (f02699d88335df290b6eb1c1257170de)] -> xpath: //div[@class='title']//strong[text()='Your Personal Details']]</div>
				<div class='pre'>passed</div>
			
		</li>
	</ul>
</div>
<div class='scenario node' test-id='68' status='pass'>
	<span class='duration right label'>0h 0m 25s+595ms</span>
	<div class='desc'>
		<b>Scenario</b>
		<span class="desc-text">User should Register and create an account successfully</span>
	</div>
	<ul class='steps'>
		<li test-id='69' class='node given pass' status='pass'>
			
			<b>Given</b>
			
			<span class="bdd-step-name">Given I am on Home page</span>
				<div class='pre'>passed</div>
			
		</li>
		<li test-id='70' class='node when pass' status='pass'>
			
			<b>When</b>
			
			<span class="bdd-step-name">When I click on Register Link</span>
				<div class='pre'>Clicking on register link : [[ChromeDriver: chrome on WINDOWS (38692dc408c2456e7172089495eb5efd)] -> xpath: //a[@class='ico-register']]</div>
				<div class='pre'>passed</div>
			
		</li>
		<li test-id='71' class='node and pass' status='pass'>
			
			<b>And</b>
			
			<span class="bdd-step-name">And I enter first name "Jitu"</span>
				<div class='pre'>Enter first Name: Jitu to first name field [[ChromeDriver: chrome on WINDOWS (38692dc408c2456e7172089495eb5efd)] -> xpath: //input[@id='FirstName']]</div>
				<div class='pre'>passed</div>
			
		</li>
		<li test-id='72' class='node and pass' status='pass'>
			
			<b>And</b>
			
			<span class="bdd-step-name">And I enter last name "Patel"</span>
				<div class='pre'>Enter last name Patel to last name field[[ChromeDriver: chrome on WINDOWS (38692dc408c2456e7172089495eb5efd)] -> xpath: //input[@id='LastName']]</div>
				<div class='pre'>passed</div>
			
		</li>
		<li test-id='73' class='node and pass' status='pass'>
			
			<b>And</b>
			
			<span class="bdd-step-name">And I enter day "01"</span>
				<div class='pre'>Enter date 01 to date field [[ChromeDriver: chrome on WINDOWS (38692dc408c2456e7172089495eb5efd)] -> xpath: //select[@name='DateOfBirthDay']]</div>
				<div class='pre'>passed</div>
			
		</li>
		<li test-id='74' class='node and pass' status='pass'>
			
			<b>And</b>
			
			<span class="bdd-step-name">And I enter month "May"</span>
				<div class='pre'>Enter date May to date field [[ChromeDriver: chrome on WINDOWS (38692dc408c2456e7172089495eb5efd)] -> xpath: //select[@name='DateOfBirthDay']]</div>
				<div class='pre'>passed</div>
			
		</li>
		<li test-id='75' class='node and pass' status='pass'>
			
			<b>And</b>
			
			<span class="bdd-step-name">And I enter year "1979"</span>
				<div class='pre'>Enter date 1979 to date field [[ChromeDriver: chrome on WINDOWS (38692dc408c2456e7172089495eb5efd)] -> xpath: //select[@name='DateOfBirthDay']]</div>
				<div class='pre'>passed</div>
			
		</li>
		<li test-id='76' class='node and pass' status='pass'>
			
			<b>And</b>
			
			<span class="bdd-step-name">And I enter random email address</span>
				<div class='pre'>Enter email teste9y@gmail.com to email field [[ChromeDriver: chrome on WINDOWS (38692dc408c2456e7172089495eb5efd)] -> id: Email]</div>
				<div class='pre'>passed</div>
			
		</li>
		<li test-id='77' class='node and pass' status='pass'>
			
			<b>And</b>
			
			<span class="bdd-step-name">And I enter company name "Prime"</span>
				<div class='pre'>Enter company name Prime to company's name field [[ChromeDriver: chrome on WINDOWS (38692dc408c2456e7172089495eb5efd)] -> xpath: //input[@name='Company']]</div>
				<div class='pre'>passed</div>
			
		</li>
		<li test-id='78' class='node and pass' status='pass'>
			
			<b>And</b>
			
			<span class="bdd-step-name">And I enter register password "abc123"</span>
				<div class='pre'>Enter password abc123 to password field [[ChromeDriver: chrome on WINDOWS (38692dc408c2456e7172089495eb5efd)] -> xpath: //input[@name='Password']]</div>
				<div class='pre'>passed</div>
			
		</li>
		<li test-id='79' class='node and pass' status='pass'>
			
			<b>And</b>
			
			<span class="bdd-step-name">And I enter register confirm password "abc123"</span>
				<div class='pre'>Enter confirm password abc123 to confirm password field [[ChromeDriver: chrome on WINDOWS (38692dc408c2456e7172089495eb5efd)] -> xpath: //input[@name='ConfirmPassword']]</div>
				<div class='pre'>passed</div>
			
		</li>
		<li test-id='80' class='node and pass' status='pass'>
			
			<b>And</b>
			
			<span class="bdd-step-name">And I click on Register button</span>
				<div class='pre'>Click on register button [[ChromeDriver: chrome on WINDOWS (38692dc408c2456e7172089495eb5efd)] -> xpath: //input[@name='register-button']]</div>
				<div class='pre'>passed</div>
			
		</li>
		<li test-id='81' class='node then pass' status='pass'>
			
			<b>Then</b>
			
			<span class="bdd-step-name">Then I should be able to Register and create an account successfully</span>
				<div class='pre'>Verify register Text: displayed on register page [[ChromeDriver: chrome on WINDOWS (38692dc408c2456e7172089495eb5efd)] -> xpath: //div[@class='page-body']//div[text()='Your registration completed']]</div>
				<div class='pre'>passed</div>
			
		</li>
	</ul>
</div>
<div class='scenariooutline node' test-id='82' status='pass'>
	<span class='duration right label'>0h 1m 25s+46ms</span>
	<div class='desc'>
		<b>ScenarioOutline</b>
		<span class="desc-text">Verify error message when user tries to register account without entering first name</span>
	</div>
	<ul class='steps'>
		<li test-id='83' class='node scenario pass' status='pass'>
			
			<b>Scenario</b>
			
			<span class="bdd-step-name">Verify error message when user tries to register account without entering first name</span>
			
				<ul class='steps'>
					<li test-id='84' class='node given pass' status='pass'><b>Given</b>
						<span class="bdd-step-name">Given I am on Home page</span>
							<div class='pre'>passed</div>
					</li>
					<li test-id='85' class='node when pass' status='pass'><b>When</b>
						<span class="bdd-step-name">When I click on Register Link</span>
							<div class='pre'>Clicking on register link : [[ChromeDriver: chrome on WINDOWS (548c9ba5765d3187fb6f8657fc78e3bf)] -> xpath: //a[@class='ico-register']]</div>
							<div class='pre'>passed</div>
					</li>
					<li test-id='86' class='node and pass' status='pass'><b>And</b>
						<span class="bdd-step-name">And I enter last name "A"</span>
							<div class='pre'>Enter last name A to last name field[[ChromeDriver: chrome on WINDOWS (548c9ba5765d3187fb6f8657fc78e3bf)] -> xpath: //input[@id='LastName']]</div>
							<div class='pre'>passed</div>
					</li>
					<li test-id='87' class='node and pass' status='pass'><b>And</b>
						<span class="bdd-step-name">And I enter day "1"</span>
							<div class='pre'>Enter date 1 to date field [[ChromeDriver: chrome on WINDOWS (548c9ba5765d3187fb6f8657fc78e3bf)] -> xpath: //select[@name='DateOfBirthDay']]</div>
							<div class='pre'>passed</div>
					</li>
					<li test-id='88' class='node and pass' status='pass'><b>And</b>
						<span class="bdd-step-name">And I enter month "February"</span>
							<div class='pre'>Enter date February to date field [[ChromeDriver: chrome on WINDOWS (548c9ba5765d3187fb6f8657fc78e3bf)] -> xpath: //select[@name='DateOfBirthDay']]</div>
							<div class='pre'>passed</div>
					</li>
					<li test-id='89' class='node and pass' status='pass'><b>And</b>
						<span class="bdd-step-name">And I enter year "2008"</span>
							<div class='pre'>Enter date 2008 to date field [[ChromeDriver: chrome on WINDOWS (548c9ba5765d3187fb6f8657fc78e3bf)] -> xpath: //select[@name='DateOfBirthDay']]</div>
							<div class='pre'>passed</div>
					</li>
					<li test-id='90' class='node and pass' status='pass'><b>And</b>
						<span class="bdd-step-name">And I enter email address "abc@gmail.com"</span>
							<div class='pre'>Enter email abc@gmail.com to email field [[ChromeDriver: chrome on WINDOWS (548c9ba5765d3187fb6f8657fc78e3bf)] -> id: Email]</div>
							<div class='pre'>passed</div>
					</li>
					<li test-id='91' class='node and pass' status='pass'><b>And</b>
						<span class="bdd-step-name">And I enter company name "Prime"</span>
							<div class='pre'>Enter company name Prime to company's name field [[ChromeDriver: chrome on WINDOWS (548c9ba5765d3187fb6f8657fc78e3bf)] -> xpath: //input[@name='Company']]</div>
							<div class='pre'>passed</div>
					</li>
					<li test-id='92' class='node and pass' status='pass'><b>And</b>
						<span class="bdd-step-name">And I enter register password "abc123"</span>
							<div class='pre'>Enter password abc123 to password field [[ChromeDriver: chrome on WINDOWS (548c9ba5765d3187fb6f8657fc78e3bf)] -> xpath: //input[@name='Password']]</div>
							<div class='pre'>passed</div>
					</li>
					<li test-id='93' class='node and pass' status='pass'><b>And</b>
						<span class="bdd-step-name">And I enter register confirm password "abc123"</span>
							<div class='pre'>Enter confirm password abc123 to confirm password field [[ChromeDriver: chrome on WINDOWS (548c9ba5765d3187fb6f8657fc78e3bf)] -> xpath: //input[@name='ConfirmPassword']]</div>
							<div class='pre'>passed</div>
					</li>
					<li test-id='94' class='node and pass' status='pass'><b>And</b>
						<span class="bdd-step-name">And I click on Register button</span>
							<div class='pre'>Click on register button [[ChromeDriver: chrome on WINDOWS (548c9ba5765d3187fb6f8657fc78e3bf)] -> xpath: //input[@name='register-button']]</div>
							<div class='pre'>passed</div>
					</li>
					<li test-id='95' class='node then pass' status='pass'><b>Then</b>
						<span class="bdd-step-name">Then I should see the error message "First name is required."</span>
							<div class='pre'>Verify Error Text: displayed on register page [[ChromeDriver: chrome on WINDOWS (548c9ba5765d3187fb6f8657fc78e3bf)] -> xpath: //span[@id='FirstName-error']]</div>
							<div class='pre'>passed</div>
					</li>
				</ul>
		</li>
		<li test-id='96' class='node scenario pass' status='pass'>
			
			<b>Scenario</b>
			
			<span class="bdd-step-name">Verify error message when user tries to register account without entering first name</span>
			
				<ul class='steps'>
					<li test-id='97' class='node given pass' status='pass'><b>Given</b>
						<span class="bdd-step-name">Given I am on Home page</span>
							<div class='pre'>passed</div>
					</li>
					<li test-id='98' class='node when pass' status='pass'><b>When</b>
						<span class="bdd-step-name">When I click on Register Link</span>
							<div class='pre'>Clicking on register link : [[ChromeDriver: chrome on WINDOWS (e59f8b609fb942b7c76ed79e07d3a7b8)] -> xpath: //a[@class='ico-register']]</div>
							<div class='pre'>passed</div>
					</li>
					<li test-id='99' class='node and pass' status='pass'><b>And</b>
						<span class="bdd-step-name">And I enter last name "B"</span>
							<div class='pre'>Enter last name B to last name field[[ChromeDriver: chrome on WINDOWS (e59f8b609fb942b7c76ed79e07d3a7b8)] -> xpath: //input[@id='LastName']]</div>
							<div class='pre'>passed</div>
					</li>
					<li test-id='100' class='node and pass' status='pass'><b>And</b>
						<span class="bdd-step-name">And I enter day "1"</span>
							<div class='pre'>Enter date 1 to date field [[ChromeDriver: chrome on WINDOWS (e59f8b609fb942b7c76ed79e07d3a7b8)] -> xpath: //select[@name='DateOfBirthDay']]</div>
							<div class='pre'>passed</div>
					</li>
					<li test-id='101' class='node and pass' status='pass'><b>And</b>
						<span class="bdd-step-name">And I enter month "May"</span>
							<div class='pre'>Enter date May to date field [[ChromeDriver: chrome on WINDOWS (e59f8b609fb942b7c76ed79e07d3a7b8)] -> xpath: //select[@name='DateOfBirthDay']]</div>
							<div class='pre'>passed</div>
					</li>
					<li test-id='102' class='node and pass' status='pass'><b>And</b>
						<span class="bdd-step-name">And I enter year "2009"</span>
							<div class='pre'>Enter date 2009 to date field [[ChromeDriver: chrome on WINDOWS (e59f8b609fb942b7c76ed79e07d3a7b8)] -> xpath: //select[@name='DateOfBirthDay']]</div>
							<div class='pre'>passed</div>
					</li>
					<li test-id='103' class='node and pass' status='pass'><b>And</b>
						<span class="bdd-step-name">And I enter email address "def@gmail.com"</span>
							<div class='pre'>Enter email def@gmail.com to email field [[ChromeDriver: chrome on WINDOWS (e59f8b609fb942b7c76ed79e07d3a7b8)] -> id: Email]</div>
							<div class='pre'>passed</div>
					</li>
					<li test-id='104' class='node and pass' status='pass'><b>And</b>
						<span class="bdd-step-name">And I enter company name "Testing"</span>
							<div class='pre'>Enter company name Testing to company's name field [[ChromeDriver: chrome on WINDOWS (e59f8b609fb942b7c76ed79e07d3a7b8)] -> xpath: //input[@name='Company']]</div>
							<div class='pre'>passed</div>
					</li>
					<li test-id='105' class='node and pass' status='pass'><b>And</b>
						<span class="bdd-step-name">And I enter register password "def123"</span>
							<div class='pre'>Enter password def123 to password field [[ChromeDriver: chrome on WINDOWS (e59f8b609fb942b7c76ed79e07d3a7b8)] -> xpath: //input[@name='Password']]</div>
							<div class='pre'>passed</div>
					</li>
					<li test-id='106' class='node and pass' status='pass'><b>And</b>
						<span class="bdd-step-name">And I enter register confirm password "def123"</span>
							<div class='pre'>Enter confirm password def123 to confirm password field [[ChromeDriver: chrome on WINDOWS (e59f8b609fb942b7c76ed79e07d3a7b8)] -> xpath: //input[@name='ConfirmPassword']]</div>
							<div class='pre'>passed</div>
					</li>
					<li test-id='107' class='node and pass' status='pass'><b>And</b>
						<span class="bdd-step-name">And I click on Register button</span>
							<div class='pre'>Click on register button [[ChromeDriver: chrome on WINDOWS (e59f8b609fb942b7c76ed79e07d3a7b8)] -> xpath: //input[@name='register-button']]</div>
							<div class='pre'>passed</div>
					</li>
					<li test-id='108' class='node then pass' status='pass'><b>Then</b>
						<span class="bdd-step-name">Then I should see the error message "First name is required."</span>
							<div class='pre'>Verify Error Text: displayed on register page [[ChromeDriver: chrome on WINDOWS (e59f8b609fb942b7c76ed79e07d3a7b8)] -> xpath: //span[@id='FirstName-error']]</div>
							<div class='pre'>passed</div>
					</li>
				</ul>
		</li>
		<li test-id='109' class='node scenario pass' status='pass'>
			
			<b>Scenario</b>
			
			<span class="bdd-step-name">Verify error message when user tries to register account without entering first name</span>
			
				<ul class='steps'>
					<li test-id='110' class='node given pass' status='pass'><b>Given</b>
						<span class="bdd-step-name">Given I am on Home page</span>
							<div class='pre'>passed</div>
					</li>
					<li test-id='111' class='node when pass' status='pass'><b>When</b>
						<span class="bdd-step-name">When I click on Register Link</span>
							<div class='pre'>Clicking on register link : [[ChromeDriver: chrome on WINDOWS (80d868c6b37171c017a490253ec82517)] -> xpath: //a[@class='ico-register']]</div>
							<div class='pre'>passed</div>
					</li>
					<li test-id='112' class='node and pass' status='pass'><b>And</b>
						<span class="bdd-step-name">And I enter last name "C"</span>
							<div class='pre'>Enter last name C to last name field[[ChromeDriver: chrome on WINDOWS (80d868c6b37171c017a490253ec82517)] -> xpath: //input[@id='LastName']]</div>
							<div class='pre'>passed</div>
					</li>
					<li test-id='113' class='node and pass' status='pass'><b>And</b>
						<span class="bdd-step-name">And I enter day "1"</span>
							<div class='pre'>Enter date 1 to date field [[ChromeDriver: chrome on WINDOWS (80d868c6b37171c017a490253ec82517)] -> xpath: //select[@name='DateOfBirthDay']]</div>
							<div class='pre'>passed</div>
					</li>
					<li test-id='114' class='node and pass' status='pass'><b>And</b>
						<span class="bdd-step-name">And I enter month "November"</span>
							<div class='pre'>Enter date November to date field [[ChromeDriver: chrome on WINDOWS (80d868c6b37171c017a490253ec82517)] -> xpath: //select[@name='DateOfBirthDay']]</div>
							<div class='pre'>passed</div>
					</li>
					<li test-id='115' class='node and pass' status='pass'><b>And</b>
						<span class="bdd-step-name">And I enter year "2010"</span>
							<div class='pre'>Enter date 2010 to date field [[ChromeDriver: chrome on WINDOWS (80d868c6b37171c017a490253ec82517)] -> xpath: //select[@name='DateOfBirthDay']]</div>
							<div class='pre'>passed</div>
					</li>
					<li test-id='116' class='node and pass' status='pass'><b>And</b>
						<span class="bdd-step-name">And I enter email address "ghi@gmail.com"</span>
							<div class='pre'>Enter email ghi@gmail.com to email field [[ChromeDriver: chrome on WINDOWS (80d868c6b37171c017a490253ec82517)] -> id: Email]</div>
							<div class='pre'>passed</div>
					</li>
					<li test-id='117' class='node and pass' status='pass'><b>And</b>
						<span class="bdd-step-name">And I enter company name "Square1"</span>
							<div class='pre'>Enter company name Square1 to company's name field [[ChromeDriver: chrome on WINDOWS (80d868c6b37171c017a490253ec82517)] -> xpath: //input[@name='Company']]</div>
							<div class='pre'>passed</div>
					</li>
					<li test-id='118' class='node and pass' status='pass'><b>And</b>
						<span class="bdd-step-name">And I enter register password "ghi123"</span>
							<div class='pre'>Enter password ghi123 to password field [[ChromeDriver: chrome on WINDOWS (80d868c6b37171c017a490253ec82517)] -> xpath: //input[@name='Password']]</div>
							<div class='pre'>passed</div>
					</li>
					<li test-id='119' class='node and pass' status='pass'><b>And</b>
						<span class="bdd-step-name">And I enter register confirm password "ghi123"</span>
							<div class='pre'>Enter confirm password ghi123 to confirm password field [[ChromeDriver: chrome on WINDOWS (80d868c6b37171c017a490253ec82517)] -> xpath: //input[@name='ConfirmPassword']]</div>
							<div class='pre'>passed</div>
					</li>
					<li test-id='120' class='node and pass' status='pass'><b>And</b>
						<span class="bdd-step-name">And I click on Register button</span>
							<div class='pre'>Click on register button [[ChromeDriver: chrome on WINDOWS (80d868c6b37171c017a490253ec82517)] -> xpath: //input[@name='register-button']]</div>
							<div class='pre'>passed</div>
					</li>
					<li test-id='121' class='node then pass' status='pass'><b>Then</b>
						<span class="bdd-step-name">Then I should see the error message "First name is required."</span>
							<div class='pre'>Verify Error Text: displayed on register page [[ChromeDriver: chrome on WINDOWS (80d868c6b37171c017a490253ec82517)] -> xpath: //span[@id='FirstName-error']]</div>
							<div class='pre'>passed</div>
					</li>
				</ul>
		</li>
		<li test-id='122' class='node scenario pass' status='pass'>
			
			<b>Scenario</b>
			
			<span class="bdd-step-name">Verify error message when user tries to register account without entering first name</span>
			
				<ul class='steps'>
					<li test-id='123' class='node given pass' status='pass'><b>Given</b>
						<span class="bdd-step-name">Given I am on Home page</span>
							<div class='pre'>passed</div>
					</li>
					<li test-id='124' class='node when pass' status='pass'><b>When</b>
						<span class="bdd-step-name">When I click on Register Link</span>
							<div class='pre'>Clicking on register link : [[ChromeDriver: chrome on WINDOWS (3a469601a3fc3521ee2a7a313b2994ff)] -> xpath: //a[@class='ico-register']]</div>
							<div class='pre'>passed</div>
					</li>
					<li test-id='125' class='node and pass' status='pass'><b>And</b>
						<span class="bdd-step-name">And I enter last name "D"</span>
							<div class='pre'>Enter last name D to last name field[[ChromeDriver: chrome on WINDOWS (3a469601a3fc3521ee2a7a313b2994ff)] -> xpath: //input[@id='LastName']]</div>
							<div class='pre'>passed</div>
					</li>
					<li test-id='126' class='node and pass' status='pass'><b>And</b>
						<span class="bdd-step-name">And I enter day "1"</span>
							<div class='pre'>Enter date 1 to date field [[ChromeDriver: chrome on WINDOWS (3a469601a3fc3521ee2a7a313b2994ff)] -> xpath: //select[@name='DateOfBirthDay']]</div>
							<div class='pre'>passed</div>
					</li>
					<li test-id='127' class='node and pass' status='pass'><b>And</b>
						<span class="bdd-step-name">And I enter month "February"</span>
							<div class='pre'>Enter date February to date field [[ChromeDriver: chrome on WINDOWS (3a469601a3fc3521ee2a7a313b2994ff)] -> xpath: //select[@name='DateOfBirthDay']]</div>
							<div class='pre'>passed</div>
					</li>
					<li test-id='128' class='node and pass' status='pass'><b>And</b>
						<span class="bdd-step-name">And I enter year "2014"</span>
							<div class='pre'>Enter date 2014 to date field [[ChromeDriver: chrome on WINDOWS (3a469601a3fc3521ee2a7a313b2994ff)] -> xpath: //select[@name='DateOfBirthDay']]</div>
							<div class='pre'>passed</div>
					</li>
					<li test-id='129' class='node and pass' status='pass'><b>And</b>
						<span class="bdd-step-name">And I enter email address "jkl@gmail.com"</span>
							<div class='pre'>Enter email jkl@gmail.com to email field [[ChromeDriver: chrome on WINDOWS (3a469601a3fc3521ee2a7a313b2994ff)] -> id: Email]</div>
							<div class='pre'>passed</div>
					</li>
					<li test-id='130' class='node and pass' status='pass'><b>And</b>
						<span class="bdd-step-name">And I enter company name "Interior Collection"</span>
							<div class='pre'>Enter company name Interior Collection to company's name field [[ChromeDriver: chrome on WINDOWS (3a469601a3fc3521ee2a7a313b2994ff)] -> xpath: //input[@name='Company']]</div>
							<div class='pre'>passed</div>
					</li>
					<li test-id='131' class='node and pass' status='pass'><b>And</b>
						<span class="bdd-step-name">And I enter register password "jkl123"</span>
							<div class='pre'>Enter password jkl123 to password field [[ChromeDriver: chrome on WINDOWS (3a469601a3fc3521ee2a7a313b2994ff)] -> xpath: //input[@name='Password']]</div>
							<div class='pre'>passed</div>
					</li>
					<li test-id='132' class='node and pass' status='pass'><b>And</b>
						<span class="bdd-step-name">And I enter register confirm password "jkl123"</span>
							<div class='pre'>Enter confirm password jkl123 to confirm password field [[ChromeDriver: chrome on WINDOWS (3a469601a3fc3521ee2a7a313b2994ff)] -> xpath: //input[@name='ConfirmPassword']]</div>
							<div class='pre'>passed</div>
					</li>
					<li test-id='133' class='node and pass' status='pass'><b>And</b>
						<span class="bdd-step-name">And I click on Register button</span>
							<div class='pre'>Click on register button [[ChromeDriver: chrome on WINDOWS (3a469601a3fc3521ee2a7a313b2994ff)] -> xpath: //input[@name='register-button']]</div>
							<div class='pre'>passed</div>
					</li>
					<li test-id='134' class='node then pass' status='pass'><b>Then</b>
						<span class="bdd-step-name">Then I should see the error message "First name is required."</span>
							<div class='pre'>Verify Error Text: displayed on register page [[ChromeDriver: chrome on WINDOWS (3a469601a3fc3521ee2a7a313b2994ff)] -> xpath: //span[@id='FirstName-error']]</div>
							<div class='pre'>passed</div>
					</li>
				</ul>
		</li>
		<li test-id='135' class='node scenario pass' status='pass'>
			
			<b>Scenario</b>
			
			<span class="bdd-step-name">Verify error message when user tries to register account without entering first name</span>
			
				<ul class='steps'>
					<li test-id='136' class='node given pass' status='pass'><b>Given</b>
						<span class="bdd-step-name">Given I am on Home page</span>
							<div class='pre'>passed</div>
					</li>
					<li test-id='137' class='node when pass' status='pass'><b>When</b>
						<span class="bdd-step-name">When I click on Register Link</span>
							<div class='pre'>Clicking on register link : [[ChromeDriver: chrome on WINDOWS (1265de17677c4893eb590e2b9638fff5)] -> xpath: //a[@class='ico-register']]</div>
							<div class='pre'>passed</div>
					</li>
					<li test-id='138' class='node and pass' status='pass'><b>And</b>
						<span class="bdd-step-name">And I enter last name "E"</span>
							<div class='pre'>Enter last name E to last name field[[ChromeDriver: chrome on WINDOWS (1265de17677c4893eb590e2b9638fff5)] -> xpath: //input[@id='LastName']]</div>
							<div class='pre'>passed</div>
					</li>
					<li test-id='139' class='node and pass' status='pass'><b>And</b>
						<span class="bdd-step-name">And I enter day "1"</span>
							<div class='pre'>Enter date 1 to date field [[ChromeDriver: chrome on WINDOWS (1265de17677c4893eb590e2b9638fff5)] -> xpath: //select[@name='DateOfBirthDay']]</div>
							<div class='pre'>passed</div>
					</li>
					<li test-id='140' class='node and pass' status='pass'><b>And</b>
						<span class="bdd-step-name">And I enter month "January"</span>
							<div class='pre'>Enter date January to date field [[ChromeDriver: chrome on WINDOWS (1265de17677c4893eb590e2b9638fff5)] -> xpath: //select[@name='DateOfBirthDay']]</div>
							<div class='pre'>passed</div>
					</li>
					<li test-id='141' class='node and pass' status='pass'><b>And</b>
						<span class="bdd-step-name">And I enter year "2020"</span>
							<div class='pre'>Enter date 2020 to date field [[ChromeDriver: chrome on WINDOWS (1265de17677c4893eb590e2b9638fff5)] -> xpath: //select[@name='DateOfBirthDay']]</div>
							<div class='pre'>passed</div>
					</li>
					<li test-id='142' class='node and pass' status='pass'><b>And</b>
						<span class="bdd-step-name">And I enter email address "mno@gmail.com"</span>
							<div class='pre'>Enter email mno@gmail.com to email field [[ChromeDriver: chrome on WINDOWS (1265de17677c4893eb590e2b9638fff5)] -> id: Email]</div>
							<div class='pre'>passed</div>
					</li>
					<li test-id='143' class='node and pass' status='pass'><b>And</b>
						<span class="bdd-step-name">And I enter company name "HarrowGS"</span>
							<div class='pre'>Enter company name HarrowGS to company's name field [[ChromeDriver: chrome on WINDOWS (1265de17677c4893eb590e2b9638fff5)] -> xpath: //input[@name='Company']]</div>
							<div class='pre'>passed</div>
					</li>
					<li test-id='144' class='node and pass' status='pass'><b>And</b>
						<span class="bdd-step-name">And I enter register password "mno123"</span>
							<div class='pre'>Enter password mno123 to password field [[ChromeDriver: chrome on WINDOWS (1265de17677c4893eb590e2b9638fff5)] -> xpath: //input[@name='Password']]</div>
							<div class='pre'>passed</div>
					</li>
					<li test-id='145' class='node and pass' status='pass'><b>And</b>
						<span class="bdd-step-name">And I enter register confirm password "mno123"</span>
							<div class='pre'>Enter confirm password mno123 to confirm password field [[ChromeDriver: chrome on WINDOWS (1265de17677c4893eb590e2b9638fff5)] -> xpath: //input[@name='ConfirmPassword']]</div>
							<div class='pre'>passed</div>
					</li>
					<li test-id='146' class='node and pass' status='pass'><b>And</b>
						<span class="bdd-step-name">And I click on Register button</span>
							<div class='pre'>Click on register button [[ChromeDriver: chrome on WINDOWS (1265de17677c4893eb590e2b9638fff5)] -> xpath: //input[@name='register-button']]</div>
							<div class='pre'>passed</div>
					</li>
					<li test-id='147' class='node then pass' status='pass'><b>Then</b>
						<span class="bdd-step-name">Then I should see the error message "First name is required."</span>
							<div class='pre'>Verify Error Text: displayed on register page [[ChromeDriver: chrome on WINDOWS (1265de17677c4893eb590e2b9638fff5)] -> xpath: //span[@id='FirstName-error']]</div>
							<div class='pre'>passed</div>
					</li>
				</ul>
		</li>
	</ul>
</div>
					</div>
				</li>
			</ul>
		</div>
	</div>
	<!-- subview left -->

	<div class='subview-right left'>
		<div class='view-summary'>
			<h5 class='test-name'></h5>

			<div id='step-filters' class="right">
				<span class="blue-text" status="info" alt="info" title="info"><i class="material-icons">info_outline</i></span>
				<span class="green-text" status="pass" alt="pass" title="pass"><i class="material-icons">check_circle</i></span>
				<span class="red-text" status="fail" alt="fail" title="fail"><i class="material-icons">cancel</i></span>
				<span class="red-text text-darken-4" status="fatal" alt="fatal" title="fatal"><i class="material-icons">cancel</i></span>
				<span class="pink-text text-lighten-1" status="error" alt="error" title="error"><i class="material-icons">error</i></span>
				<span class="orange-text" alt="warning" status="warning" title="warning"><i class="material-icons">warning</i></span>
				<span class="teal-text" status="skip" alt="skip" title="skip"><i class="material-icons">redo</i></span>
				<span status="clear" alt="Clear filters" title="Clear filters"><i class="material-icons">clear</i></span>
			</div>
		</div>
	</div>
	<!-- subview right -->

</div>
<!-- test view -->
<!-- category view -->
<div id='author-view' class='view hide'>
    <section id='controls'>
        <div class='controls grey lighten-4'>
            <!-- search -->
            <div class='chip transparent' alt='Search Authors' title='Search Authors'>
                <a href="#" class='search-div'>
                    <i class='material-icons'>search</i> Search
                </a>

                <div class='input-field left hide'>
                    <input id='search-tests' type='text' class='validate browser-default' placeholder='Search Authors...'>
                </div>

            </div>
            <!-- search -->
        </div>
    </section>

    <div class='subview-left left'>

        <div class='view-summary'>
            <h5>Authors</h5>
                <ul id='author-collection' class='author-collection'>

                        <li class='author displayed active'>
                            <div class='author-heading'>
                                <span class='author-name'>HarrowGroup</span>
                                <span class='author-status right'>
                                        <span class='label pass'>10</span>
                                        <span class='label fail'>6</span>
						        </span>
                            </div>
                            <div class='author-content hide'>
                                <div class='author-status-counts'>
                                    <span class='label green accent-4 white-text'>Passed: 10</span>
                                    <span class='label red lighten-1 white-text'>Failed: 6</span>
                                    
                                </div>

                                <div class='author-tests'>
                                    <table class='bordered table-results'>
                                        <thead>
                                        <tr>
                                            <th>Timestamp</th>
                                            <th>TestName</th>
                                            <th>Status</th>
                                        </tr>
                                        </thead>
                                        <tbody>
                                            <tr>
                                                <td>Apr 29, 2020 04:34:28 PM</td>
                                                <td class='linked' test-id='2'>Login feature.User should navigate to login page successfully</td>
                                                <td><span class='test-status pass'>pass</span></td>
                                            </tr>
                                            <tr>
                                                <td>Apr 29, 2020 04:34:43 PM</td>
                                                <td class='linked' test-id='6'>Login feature.User should login successfully with valid credentials</td>
                                                <td><span class='test-status fail'>fail</span></td>
                                            </tr>
                                            <tr>
                                                <td>Apr 29, 2020 04:35:27 PM</td>
                                                <td class='linked' test-id='14'>Login feature.User should Login successfully with valid credentials.User should Login successfully with valid credentials</td>
                                                <td><span class='test-status pass'>pass</span></td>
                                            </tr>
                                            <tr>
                                                <td>Apr 29, 2020 04:35:54 PM</td>
                                                <td class='linked' test-id='21'>Login feature.User should Login successfully with valid credentials.User should Login successfully with valid credentials</td>
                                                <td><span class='test-status fail'>fail</span></td>
                                            </tr>
                                            <tr>
                                                <td>Apr 29, 2020 04:36:38 PM</td>
                                                <td class='linked' test-id='28'>Login feature.User should Login successfully with valid credentials.User should Login successfully with valid credentials</td>
                                                <td><span class='test-status fail'>fail</span></td>
                                            </tr>
                                            <tr>
                                                <td>Apr 29, 2020 04:37:25 PM</td>
                                                <td class='linked' test-id='35'>Login feature.User should Login successfully with valid credentials.User should Login successfully with valid credentials</td>
                                                <td><span class='test-status fail'>fail</span></td>
                                            </tr>
                                            <tr>
                                                <td>Apr 29, 2020 04:38:10 PM</td>
                                                <td class='linked' test-id='42'>Login feature.User should Login successfully with valid credentials.User should Login successfully with valid credentials</td>
                                                <td><span class='test-status fail'>fail</span></td>
                                            </tr>
                                            <tr>
                                                <td>Apr 29, 2020 04:38:54 PM</td>
                                                <td class='linked' test-id='49'>Login feature.User should Login successfully with valid credentials.User should Login successfully with valid credentials</td>
                                                <td><span class='test-status pass'>pass</span></td>
                                            </tr>
                                            <tr>
                                                <td>Apr 29, 2020 04:39:47 PM</td>
                                                <td class='linked' test-id='56'>Login feature.User should Login successfully with valid credentials.User should Login successfully with valid credentials</td>
                                                <td><span class='test-status fail'>fail</span></td>
                                            </tr>
                                            <tr>
                                                <td>Apr 29, 2020 04:40:34 PM</td>
                                                <td class='linked' test-id='64'>Registration Feature.User should navigate to Register page successfully</td>
                                                <td><span class='test-status pass'>pass</span></td>
                                            </tr>
                                            <tr>
                                                <td>Apr 29, 2020 04:40:48 PM</td>
                                                <td class='linked' test-id='68'>Registration Feature.User should Register and create an account successfully</td>
                                                <td><span class='test-status pass'>pass</span></td>
                                            </tr>
                                            <tr>
                                                <td>Apr 29, 2020 04:41:15 PM</td>
                                                <td class='linked' test-id='83'>Registration Feature.Verify error message when user tries to register account without entering first name.Verify error message when user tries to register account without entering first name</td>
                                                <td><span class='test-status pass'>pass</span></td>
                                            </tr>
                                            <tr>
                                                <td>Apr 29, 2020 04:41:29 PM</td>
                                                <td class='linked' test-id='96'>Registration Feature.Verify error message when user tries to register account without entering first name.Verify error message when user tries to register account without entering first name</td>
                                                <td><span class='test-status pass'>pass</span></td>
                                            </tr>
                                            <tr>
                                                <td>Apr 29, 2020 04:41:50 PM</td>
                                                <td class='linked' test-id='109'>Registration Feature.Verify error message when user tries to register account without entering first name.Verify error message when user tries to register account without entering first name</td>
                                                <td><span class='test-status pass'>pass</span></td>
                                            </tr>
                                            <tr>
                                                <td>Apr 29, 2020 04:42:08 PM</td>
                                                <td class='linked' test-id='122'>Registration Feature.Verify error message when user tries to register account without entering first name.Verify error message when user tries to register account without entering first name</td>
                                                <td><span class='test-status pass'>pass</span></td>
                                            </tr>
                                            <tr>
                                                <td>Apr 29, 2020 04:42:26 PM</td>
                                                <td class='linked' test-id='135'>Registration Feature.Verify error message when user tries to register account without entering first name.Verify error message when user tries to register account without entering first name</td>
                                                <td><span class='test-status pass'>pass</span></td>
                                            </tr>
                                        </tbody>
                                    </table>
                                </div>
                            </div>
                        </li>
                        <li class='author displayed active'>
                            <div class='author-heading'>
                                <span class='author-name'>JitendraPatel</span>
                                <span class='author-status right'>
                                        <span class='label pass'>10</span>
                                        <span class='label fail'>6</span>
						        </span>
                            </div>
                            <div class='author-content hide'>
                                <div class='author-status-counts'>
                                    <span class='label green accent-4 white-text'>Passed: 10</span>
                                    <span class='label red lighten-1 white-text'>Failed: 6</span>
                                    
                                </div>

                                <div class='author-tests'>
                                    <table class='bordered table-results'>
                                        <thead>
                                        <tr>
                                            <th>Timestamp</th>
                                            <th>TestName</th>
                                            <th>Status</th>
                                        </tr>
                                        </thead>
                                        <tbody>
                                            <tr>
                                                <td>Apr 29, 2020 04:34:28 PM</td>
                                                <td class='linked' test-id='2'>Login feature.User should navigate to login page successfully</td>
                                                <td><span class='test-status pass'>pass</span></td>
                                            </tr>
                                            <tr>
                                                <td>Apr 29, 2020 04:34:43 PM</td>
                                                <td class='linked' test-id='6'>Login feature.User should login successfully with valid credentials</td>
                                                <td><span class='test-status fail'>fail</span></td>
                                            </tr>
                                            <tr>
                                                <td>Apr 29, 2020 04:35:27 PM</td>
                                                <td class='linked' test-id='14'>Login feature.User should Login successfully with valid credentials.User should Login successfully with valid credentials</td>
                                                <td><span class='test-status pass'>pass</span></td>
                                            </tr>
                                            <tr>
                                                <td>Apr 29, 2020 04:35:54 PM</td>
                                                <td class='linked' test-id='21'>Login feature.User should Login successfully with valid credentials.User should Login successfully with valid credentials</td>
                                                <td><span class='test-status fail'>fail</span></td>
                                            </tr>
                                            <tr>
                                                <td>Apr 29, 2020 04:36:38 PM</td>
                                                <td class='linked' test-id='28'>Login feature.User should Login successfully with valid credentials.User should Login successfully with valid credentials</td>
                                                <td><span class='test-status fail'>fail</span></td>
                                            </tr>
                                            <tr>
                                                <td>Apr 29, 2020 04:37:25 PM</td>
                                                <td class='linked' test-id='35'>Login feature.User should Login successfully with valid credentials.User should Login successfully with valid credentials</td>
                                                <td><span class='test-status fail'>fail</span></td>
                                            </tr>
                                            <tr>
                                                <td>Apr 29, 2020 04:38:10 PM</td>
                                                <td class='linked' test-id='42'>Login feature.User should Login successfully with valid credentials.User should Login successfully with valid credentials</td>
                                                <td><span class='test-status fail'>fail</span></td>
                                            </tr>
                                            <tr>
                                                <td>Apr 29, 2020 04:38:54 PM</td>
                                                <td class='linked' test-id='49'>Login feature.User should Login successfully with valid credentials.User should Login successfully with valid credentials</td>
                                                <td><span class='test-status pass'>pass</span></td>
                                            </tr>
                                            <tr>
                                                <td>Apr 29, 2020 04:39:47 PM</td>
                                                <td class='linked' test-id='56'>Login feature.User should Login successfully with valid credentials.User should Login successfully with valid credentials</td>
                                                <td><span class='test-status fail'>fail</span></td>
                                            </tr>
                                            <tr>
                                                <td>Apr 29, 2020 04:40:34 PM</td>
                                                <td class='linked' test-id='64'>Registration Feature.User should navigate to Register page successfully</td>
                                                <td><span class='test-status pass'>pass</span></td>
                                            </tr>
                                            <tr>
                                                <td>Apr 29, 2020 04:40:48 PM</td>
                                                <td class='linked' test-id='68'>Registration Feature.User should Register and create an account successfully</td>
                                                <td><span class='test-status pass'>pass</span></td>
                                            </tr>
                                            <tr>
                                                <td>Apr 29, 2020 04:41:15 PM</td>
                                                <td class='linked' test-id='83'>Registration Feature.Verify error message when user tries to register account without entering first name.Verify error message when user tries to register account without entering first name</td>
                                                <td><span class='test-status pass'>pass</span></td>
                                            </tr>
                                            <tr>
                                                <td>Apr 29, 2020 04:41:29 PM</td>
                                                <td class='linked' test-id='96'>Registration Feature.Verify error message when user tries to register account without entering first name.Verify error message when user tries to register account without entering first name</td>
                                                <td><span class='test-status pass'>pass</span></td>
                                            </tr>
                                            <tr>
                                                <td>Apr 29, 2020 04:41:50 PM</td>
                                                <td class='linked' test-id='109'>Registration Feature.Verify error message when user tries to register account without entering first name.Verify error message when user tries to register account without entering first name</td>
                                                <td><span class='test-status pass'>pass</span></td>
                                            </tr>
                                            <tr>
                                                <td>Apr 29, 2020 04:42:08 PM</td>
                                                <td class='linked' test-id='122'>Registration Feature.Verify error message when user tries to register account without entering first name.Verify error message when user tries to register account without entering first name</td>
                                                <td><span class='test-status pass'>pass</span></td>
                                            </tr>
                                            <tr>
                                                <td>Apr 29, 2020 04:42:26 PM</td>
                                                <td class='linked' test-id='135'>Registration Feature.Verify error message when user tries to register account without entering first name.Verify error message when user tries to register account without entering first name</td>
                                                <td><span class='test-status pass'>pass</span></td>
                                            </tr>
                                        </tbody>
                                    </table>
                                </div>
                            </div>
                        </li>

                </ul>
        </div>
    </div>

    <div class='subview-right left'>
        <div class='view-summary'>
            <h5 class='author-name'></h5>
        </div>
    </div>
</div>
<div id='exception-view' class='view hide'>

    <section id='controls'>
        <div class='controls grey lighten-4'>
            <!-- search -->
            <div class='chip transparent' alt='Search Tests' title='Search Tests'>
                <a href="#" class='search-div'>
                    <i class='material-icons'>search</i> Search
                </a>

                <div class='input-field left hide'>
                    <input id='search-tests' type='text' class='validate browser-default' placeholder='Search Tests...'>
                </div>

            </div>
            <!-- search -->
        </div>
    </section>

    <div class='subview-left left'>

        <div class='view-summary'>
            <h5>Exceptions</h3>
                <ul id='exception-collection' class='exception-collection'>

                        <li class='exception displayed active'>
                            <div class='exception-heading'>
                                <span class='exception-name'>org.openqa.selenium.NoSuchElementException</span>
                                <span class='exception-count right'><span class='label red lighten-1 white-text'>6</span></span>
                            </div>
                            <div class='exception-content hide'>
                                <div class='exception-tests'>
                                    <table class='bordered table-results'>
                                        <thead>
                                        <tr>
                                            <th>Timestamp</th>
                                            <th>TestName</th>
                                            <th>Status</th>
                                        </tr>
                                        </thead>
                                        <tbody>
                                                    <tr>
                                                        <td>Apr 29, 2020 04:34:56 PM</td>
                                                        <td class='linked' test-id='12'>Login feature.User should login successfully with valid credentials.Then I should login successfully</td>
                                                        <td><pre><pre>org.openqa.selenium.NoSuchElementException: no such element: Unable to locate element: {"method":"xpath","selector":"//div[@class='topic-block-title']//h2[text()='Welcome to our store']"}
  (Session info: chrome=81.0.4044.129)
For documentation on this error, please visit: https://www.seleniumhq.org/exceptions/no_such_element.html
Build info: version: '3.141.59', revision: 'e82be7d358', time: '2018-11-14T08:17:03'
System info: host: 'DESKTOP-3OIKVFP', ip: '192.168.0.42', os.name: 'Windows 10', os.arch: 'amd64', os.version: '10.0', java.version: '1.8.0_121'
Driver info: org.openqa.selenium.chrome.ChromeDriver
Capabilities {acceptInsecureCerts: false, browserName: chrome, browserVersion: 81.0.4044.129, chrome: {chromedriverVersion: 80.0.3987.106 (f68069574609..., userDataDir: C:\Users\VB-HP2\AppData\Loc...}, goog:chromeOptions: {debuggerAddress: localhost:49448}, javascriptEnabled: true, networkConnectionEnabled: false, pageLoadStrategy: normal, platform: WINDOWS, platformName: WINDOWS, proxy: Proxy(), setWindowRect: true, strictFileInteractability: false, timeouts: {implicit: 0, pageLoad: 300000, script: 30000}, unhandledPromptBehavior: dismiss and notify}
Session ID: 5a59c3d347c831b9d0385dd711679c4b
*** Element info: {Using=xpath, value=//div[@class='topic-block-title']//h2[text()='Welcome to our store']}
	at sun.reflect.NativeConstructorAccessorImpl.newInstance0(Native Method)
	at sun.reflect.NativeConstructorAccessorImpl.newInstance(NativeConstructorAccessorImpl.java:62)
	at sun.reflect.DelegatingConstructorAccessorImpl.newInstance(DelegatingConstructorAccessorImpl.java:45)
	at java.lang.reflect.Constructor.newInstance(Constructor.java:423)
	at org.openqa.selenium.remote.http.W3CHttpResponseCodec.createException(W3CHttpResponseCodec.java:187)
	at org.openqa.selenium.remote.http.W3CHttpResponseCodec.decode(W3CHttpResponseCodec.java:122)
	at org.openqa.selenium.remote.http.W3CHttpResponseCodec.decode(W3CHttpResponseCodec.java:49)
	at org.openqa.selenium.remote.HttpCommandExecutor.execute(HttpCommandExecutor.java:158)
	at org.openqa.selenium.remote.service.DriverCommandExecutor.execute(DriverCommandExecutor.java:83)
	at org.openqa.selenium.remote.RemoteWebDriver.execute(RemoteWebDriver.java:552)
	at org.openqa.selenium.remote.RemoteWebDriver.findElement(RemoteWebDriver.java:323)
	at org.openqa.selenium.remote.RemoteWebDriver.findElementByXPath(RemoteWebDriver.java:428)
	at org.openqa.selenium.By$ByXPath.findElement(By.java:353)
	at org.openqa.selenium.remote.RemoteWebDriver.findElement(RemoteWebDriver.java:315)
	at org.openqa.selenium.support.pagefactory.DefaultElementLocator.findElement(DefaultElementLocator.java:69)
	at org.openqa.selenium.support.pagefactory.internal.LocatingElementHandler.invoke(LocatingElementHandler.java:38)
	at com.sun.proxy.$Proxy19.getText(Unknown Source)
	at com.demo.nopcommerce.utility.Utility.getTextFromElement(Utility.java:102)
	at com.demo.nopcommerce.pages.LoginPage.assertgetWelcomeStoreText(LoginPage.java:68)
	at com.demo.nopcommerce.cucumber.stepdefs.MyStepdefs.iShouldLoginSuccessfully(MyStepdefs.java:45)
	at ✽.Then I should login successfully(src/test/java/com/demo/nopcommerce/resources/featurefile/login.feature:15)
</pre></pre></td>
                                                    </tr>
                                                    <tr>
                                                        <td>Apr 29, 2020 04:36:07 PM</td>
                                                        <td class='linked' test-id='27'>Login feature.User should Login successfully with valid credentials.User should Login successfully with valid credentials.Then I should login successfully</td>
                                                        <td><pre><pre>org.openqa.selenium.NoSuchElementException: no such element: Unable to locate element: {"method":"xpath","selector":"//div[@class='topic-block-title']//h2[text()='Welcome to our store']"}
  (Session info: chrome=81.0.4044.129)
For documentation on this error, please visit: https://www.seleniumhq.org/exceptions/no_such_element.html
Build info: version: '3.141.59', revision: 'e82be7d358', time: '2018-11-14T08:17:03'
System info: host: 'DESKTOP-3OIKVFP', ip: '192.168.0.42', os.name: 'Windows 10', os.arch: 'amd64', os.version: '10.0', java.version: '1.8.0_121'
Driver info: org.openqa.selenium.chrome.ChromeDriver
Capabilities {acceptInsecureCerts: false, browserName: chrome, browserVersion: 81.0.4044.129, chrome: {chromedriverVersion: 80.0.3987.106 (f68069574609..., userDataDir: C:\Users\VB-HP2\AppData\Loc...}, goog:chromeOptions: {debuggerAddress: localhost:49562}, javascriptEnabled: true, networkConnectionEnabled: false, pageLoadStrategy: normal, platform: WINDOWS, platformName: WINDOWS, proxy: Proxy(), setWindowRect: true, strictFileInteractability: false, timeouts: {implicit: 0, pageLoad: 300000, script: 30000}, unhandledPromptBehavior: dismiss and notify}
Session ID: 4cdabeec8f23a937d1922751a866fb73
*** Element info: {Using=xpath, value=//div[@class='topic-block-title']//h2[text()='Welcome to our store']}
	at sun.reflect.NativeConstructorAccessorImpl.newInstance0(Native Method)
	at sun.reflect.NativeConstructorAccessorImpl.newInstance(NativeConstructorAccessorImpl.java:62)
	at sun.reflect.DelegatingConstructorAccessorImpl.newInstance(DelegatingConstructorAccessorImpl.java:45)
	at java.lang.reflect.Constructor.newInstance(Constructor.java:423)
	at org.openqa.selenium.remote.http.W3CHttpResponseCodec.createException(W3CHttpResponseCodec.java:187)
	at org.openqa.selenium.remote.http.W3CHttpResponseCodec.decode(W3CHttpResponseCodec.java:122)
	at org.openqa.selenium.remote.http.W3CHttpResponseCodec.decode(W3CHttpResponseCodec.java:49)
	at org.openqa.selenium.remote.HttpCommandExecutor.execute(HttpCommandExecutor.java:158)
	at org.openqa.selenium.remote.service.DriverCommandExecutor.execute(DriverCommandExecutor.java:83)
	at org.openqa.selenium.remote.RemoteWebDriver.execute(RemoteWebDriver.java:552)
	at org.openqa.selenium.remote.RemoteWebDriver.findElement(RemoteWebDriver.java:323)
	at org.openqa.selenium.remote.RemoteWebDriver.findElementByXPath(RemoteWebDriver.java:428)
	at org.openqa.selenium.By$ByXPath.findElement(By.java:353)
	at org.openqa.selenium.remote.RemoteWebDriver.findElement(RemoteWebDriver.java:315)
	at org.openqa.selenium.support.pagefactory.DefaultElementLocator.findElement(DefaultElementLocator.java:69)
	at org.openqa.selenium.support.pagefactory.internal.LocatingElementHandler.invoke(LocatingElementHandler.java:38)
	at com.sun.proxy.$Proxy19.getText(Unknown Source)
	at com.demo.nopcommerce.utility.Utility.getTextFromElement(Utility.java:102)
	at com.demo.nopcommerce.pages.LoginPage.assertgetWelcomeStoreText(LoginPage.java:68)
	at com.demo.nopcommerce.cucumber.stepdefs.MyStepdefs.iShouldLoginSuccessfully(MyStepdefs.java:45)
	at ✽.Then I should login successfully(src/test/java/com/demo/nopcommerce/resources/featurefile/login.feature:23)
</pre></pre></td>
                                                    </tr>
                                                    <tr>
                                                        <td>Apr 29, 2020 04:36:54 PM</td>
                                                        <td class='linked' test-id='34'>Login feature.User should Login successfully with valid credentials.User should Login successfully with valid credentials.Then I should login successfully</td>
                                                        <td><pre><pre>org.openqa.selenium.NoSuchElementException: no such element: Unable to locate element: {"method":"xpath","selector":"//div[@class='topic-block-title']//h2[text()='Welcome to our store']"}
  (Session info: chrome=81.0.4044.129)
For documentation on this error, please visit: https://www.seleniumhq.org/exceptions/no_such_element.html
Build info: version: '3.141.59', revision: 'e82be7d358', time: '2018-11-14T08:17:03'
System info: host: 'DESKTOP-3OIKVFP', ip: '192.168.0.42', os.name: 'Windows 10', os.arch: 'amd64', os.version: '10.0', java.version: '1.8.0_121'
Driver info: org.openqa.selenium.chrome.ChromeDriver
Capabilities {acceptInsecureCerts: false, browserName: chrome, browserVersion: 81.0.4044.129, chrome: {chromedriverVersion: 80.0.3987.106 (f68069574609..., userDataDir: C:\Users\VB-HP2\AppData\Loc...}, goog:chromeOptions: {debuggerAddress: localhost:49608}, javascriptEnabled: true, networkConnectionEnabled: false, pageLoadStrategy: normal, platform: WINDOWS, platformName: WINDOWS, proxy: Proxy(), setWindowRect: true, strictFileInteractability: false, timeouts: {implicit: 0, pageLoad: 300000, script: 30000}, unhandledPromptBehavior: dismiss and notify}
Session ID: cc8e26bfba1a2026ee7d60dcadb14dad
*** Element info: {Using=xpath, value=//div[@class='topic-block-title']//h2[text()='Welcome to our store']}
	at sun.reflect.NativeConstructorAccessorImpl.newInstance0(Native Method)
	at sun.reflect.NativeConstructorAccessorImpl.newInstance(NativeConstructorAccessorImpl.java:62)
	at sun.reflect.DelegatingConstructorAccessorImpl.newInstance(DelegatingConstructorAccessorImpl.java:45)
	at java.lang.reflect.Constructor.newInstance(Constructor.java:423)
	at org.openqa.selenium.remote.http.W3CHttpResponseCodec.createException(W3CHttpResponseCodec.java:187)
	at org.openqa.selenium.remote.http.W3CHttpResponseCodec.decode(W3CHttpResponseCodec.java:122)
	at org.openqa.selenium.remote.http.W3CHttpResponseCodec.decode(W3CHttpResponseCodec.java:49)
	at org.openqa.selenium.remote.HttpCommandExecutor.execute(HttpCommandExecutor.java:158)
	at org.openqa.selenium.remote.service.DriverCommandExecutor.execute(DriverCommandExecutor.java:83)
	at org.openqa.selenium.remote.RemoteWebDriver.execute(RemoteWebDriver.java:552)
	at org.openqa.selenium.remote.RemoteWebDriver.findElement(RemoteWebDriver.java:323)
	at org.openqa.selenium.remote.RemoteWebDriver.findElementByXPath(RemoteWebDriver.java:428)
	at org.openqa.selenium.By$ByXPath.findElement(By.java:353)
	at org.openqa.selenium.remote.RemoteWebDriver.findElement(RemoteWebDriver.java:315)
	at org.openqa.selenium.support.pagefactory.DefaultElementLocator.findElement(DefaultElementLocator.java:69)
	at org.openqa.selenium.support.pagefactory.internal.LocatingElementHandler.invoke(LocatingElementHandler.java:38)
	at com.sun.proxy.$Proxy19.getText(Unknown Source)
	at com.demo.nopcommerce.utility.Utility.getTextFromElement(Utility.java:102)
	at com.demo.nopcommerce.pages.LoginPage.assertgetWelcomeStoreText(LoginPage.java:68)
	at com.demo.nopcommerce.cucumber.stepdefs.MyStepdefs.iShouldLoginSuccessfully(MyStepdefs.java:45)
	at ✽.Then I should login successfully(src/test/java/com/demo/nopcommerce/resources/featurefile/login.feature:23)
</pre></pre></td>
                                                    </tr>
                                                    <tr>
                                                        <td>Apr 29, 2020 04:37:39 PM</td>
                                                        <td class='linked' test-id='41'>Login feature.User should Login successfully with valid credentials.User should Login successfully with valid credentials.Then I should login successfully</td>
                                                        <td><pre><pre>org.openqa.selenium.NoSuchElementException: no such element: Unable to locate element: {"method":"xpath","selector":"//div[@class='topic-block-title']//h2[text()='Welcome to our store']"}
  (Session info: chrome=81.0.4044.129)
For documentation on this error, please visit: https://www.seleniumhq.org/exceptions/no_such_element.html
Build info: version: '3.141.59', revision: 'e82be7d358', time: '2018-11-14T08:17:03'
System info: host: 'DESKTOP-3OIKVFP', ip: '192.168.0.42', os.name: 'Windows 10', os.arch: 'amd64', os.version: '10.0', java.version: '1.8.0_121'
Driver info: org.openqa.selenium.chrome.ChromeDriver
Capabilities {acceptInsecureCerts: false, browserName: chrome, browserVersion: 81.0.4044.129, chrome: {chromedriverVersion: 80.0.3987.106 (f68069574609..., userDataDir: C:\Users\VB-HP2\AppData\Loc...}, goog:chromeOptions: {debuggerAddress: localhost:49660}, javascriptEnabled: true, networkConnectionEnabled: false, pageLoadStrategy: normal, platform: WINDOWS, platformName: WINDOWS, proxy: Proxy(), setWindowRect: true, strictFileInteractability: false, timeouts: {implicit: 0, pageLoad: 300000, script: 30000}, unhandledPromptBehavior: dismiss and notify}
Session ID: 1208b1bcbbb30c1e338d5b1d9c9975ec
*** Element info: {Using=xpath, value=//div[@class='topic-block-title']//h2[text()='Welcome to our store']}
	at sun.reflect.NativeConstructorAccessorImpl.newInstance0(Native Method)
	at sun.reflect.NativeConstructorAccessorImpl.newInstance(NativeConstructorAccessorImpl.java:62)
	at sun.reflect.DelegatingConstructorAccessorImpl.newInstance(DelegatingConstructorAccessorImpl.java:45)
	at java.lang.reflect.Constructor.newInstance(Constructor.java:423)
	at org.openqa.selenium.remote.http.W3CHttpResponseCodec.createException(W3CHttpResponseCodec.java:187)
	at org.openqa.selenium.remote.http.W3CHttpResponseCodec.decode(W3CHttpResponseCodec.java:122)
	at org.openqa.selenium.remote.http.W3CHttpResponseCodec.decode(W3CHttpResponseCodec.java:49)
	at org.openqa.selenium.remote.HttpCommandExecutor.execute(HttpCommandExecutor.java:158)
	at org.openqa.selenium.remote.service.DriverCommandExecutor.execute(DriverCommandExecutor.java:83)
	at org.openqa.selenium.remote.RemoteWebDriver.execute(RemoteWebDriver.java:552)
	at org.openqa.selenium.remote.RemoteWebDriver.findElement(RemoteWebDriver.java:323)
	at org.openqa.selenium.remote.RemoteWebDriver.findElementByXPath(RemoteWebDriver.java:428)
	at org.openqa.selenium.By$ByXPath.findElement(By.java:353)
	at org.openqa.selenium.remote.RemoteWebDriver.findElement(RemoteWebDriver.java:315)
	at org.openqa.selenium.support.pagefactory.DefaultElementLocator.findElement(DefaultElementLocator.java:69)
	at org.openqa.selenium.support.pagefactory.internal.LocatingElementHandler.invoke(LocatingElementHandler.java:38)
	at com.sun.proxy.$Proxy19.getText(Unknown Source)
	at com.demo.nopcommerce.utility.Utility.getTextFromElement(Utility.java:102)
	at com.demo.nopcommerce.pages.LoginPage.assertgetWelcomeStoreText(LoginPage.java:68)
	at com.demo.nopcommerce.cucumber.stepdefs.MyStepdefs.iShouldLoginSuccessfully(MyStepdefs.java:45)
	at ✽.Then I should login successfully(src/test/java/com/demo/nopcommerce/resources/featurefile/login.feature:23)
</pre></pre></td>
                                                    </tr>
                                                    <tr>
                                                        <td>Apr 29, 2020 04:38:23 PM</td>
                                                        <td class='linked' test-id='48'>Login feature.User should Login successfully with valid credentials.User should Login successfully with valid credentials.Then I should login successfully</td>
                                                        <td><pre><pre>org.openqa.selenium.NoSuchElementException: no such element: Unable to locate element: {"method":"xpath","selector":"//div[@class='topic-block-title']//h2[text()='Welcome to our store']"}
  (Session info: chrome=81.0.4044.129)
For documentation on this error, please visit: https://www.seleniumhq.org/exceptions/no_such_element.html
Build info: version: '3.141.59', revision: 'e82be7d358', time: '2018-11-14T08:17:03'
System info: host: 'DESKTOP-3OIKVFP', ip: '192.168.0.42', os.name: 'Windows 10', os.arch: 'amd64', os.version: '10.0', java.version: '1.8.0_121'
Driver info: org.openqa.selenium.chrome.ChromeDriver
Capabilities {acceptInsecureCerts: false, browserName: chrome, browserVersion: 81.0.4044.129, chrome: {chromedriverVersion: 80.0.3987.106 (f68069574609..., userDataDir: C:\Users\VB-HP2\AppData\Loc...}, goog:chromeOptions: {debuggerAddress: localhost:49717}, javascriptEnabled: true, networkConnectionEnabled: false, pageLoadStrategy: normal, platform: WINDOWS, platformName: WINDOWS, proxy: Proxy(), setWindowRect: true, strictFileInteractability: false, timeouts: {implicit: 0, pageLoad: 300000, script: 30000}, unhandledPromptBehavior: dismiss and notify}
Session ID: c893c9f487fb3592ee47bc09db68f428
*** Element info: {Using=xpath, value=//div[@class='topic-block-title']//h2[text()='Welcome to our store']}
	at sun.reflect.NativeConstructorAccessorImpl.newInstance0(Native Method)
	at sun.reflect.NativeConstructorAccessorImpl.newInstance(NativeConstructorAccessorImpl.java:62)
	at sun.reflect.DelegatingConstructorAccessorImpl.newInstance(DelegatingConstructorAccessorImpl.java:45)
	at java.lang.reflect.Constructor.newInstance(Constructor.java:423)
	at org.openqa.selenium.remote.http.W3CHttpResponseCodec.createException(W3CHttpResponseCodec.java:187)
	at org.openqa.selenium.remote.http.W3CHttpResponseCodec.decode(W3CHttpResponseCodec.java:122)
	at org.openqa.selenium.remote.http.W3CHttpResponseCodec.decode(W3CHttpResponseCodec.java:49)
	at org.openqa.selenium.remote.HttpCommandExecutor.execute(HttpCommandExecutor.java:158)
	at org.openqa.selenium.remote.service.DriverCommandExecutor.execute(DriverCommandExecutor.java:83)
	at org.openqa.selenium.remote.RemoteWebDriver.execute(RemoteWebDriver.java:552)
	at org.openqa.selenium.remote.RemoteWebDriver.findElement(RemoteWebDriver.java:323)
	at org.openqa.selenium.remote.RemoteWebDriver.findElementByXPath(RemoteWebDriver.java:428)
	at org.openqa.selenium.By$ByXPath.findElement(By.java:353)
	at org.openqa.selenium.remote.RemoteWebDriver.findElement(RemoteWebDriver.java:315)
	at org.openqa.selenium.support.pagefactory.DefaultElementLocator.findElement(DefaultElementLocator.java:69)
	at org.openqa.selenium.support.pagefactory.internal.LocatingElementHandler.invoke(LocatingElementHandler.java:38)
	at com.sun.proxy.$Proxy19.getText(Unknown Source)
	at com.demo.nopcommerce.utility.Utility.getTextFromElement(Utility.java:102)
	at com.demo.nopcommerce.pages.LoginPage.assertgetWelcomeStoreText(LoginPage.java:68)
	at com.demo.nopcommerce.cucumber.stepdefs.MyStepdefs.iShouldLoginSuccessfully(MyStepdefs.java:45)
	at ✽.Then I should login successfully(src/test/java/com/demo/nopcommerce/resources/featurefile/login.feature:23)
</pre></pre></td>
                                                    </tr>
                                                    <tr>
                                                        <td>Apr 29, 2020 04:40:02 PM</td>
                                                        <td class='linked' test-id='62'>Login feature.User should Login successfully with valid credentials.User should Login successfully with valid credentials.Then I should login successfully</td>
                                                        <td><pre><pre>org.openqa.selenium.NoSuchElementException: no such element: Unable to locate element: {"method":"xpath","selector":"//div[@class='topic-block-title']//h2[text()='Welcome to our store']"}
  (Session info: chrome=81.0.4044.129)
For documentation on this error, please visit: https://www.seleniumhq.org/exceptions/no_such_element.html
Build info: version: '3.141.59', revision: 'e82be7d358', time: '2018-11-14T08:17:03'
System info: host: 'DESKTOP-3OIKVFP', ip: '192.168.0.42', os.name: 'Windows 10', os.arch: 'amd64', os.version: '10.0', java.version: '1.8.0_121'
Driver info: org.openqa.selenium.chrome.ChromeDriver
Capabilities {acceptInsecureCerts: false, browserName: chrome, browserVersion: 81.0.4044.129, chrome: {chromedriverVersion: 80.0.3987.106 (f68069574609..., userDataDir: C:\Users\VB-HP2\AppData\Loc...}, goog:chromeOptions: {debuggerAddress: localhost:49850}, javascriptEnabled: true, networkConnectionEnabled: false, pageLoadStrategy: normal, platform: WINDOWS, platformName: WINDOWS, proxy: Proxy(), setWindowRect: true, strictFileInteractability: false, timeouts: {implicit: 0, pageLoad: 300000, script: 30000}, unhandledPromptBehavior: dismiss and notify}
Session ID: e09a7f08cd28469094a6d6ee20e1b7b2
*** Element info: {Using=xpath, value=//div[@class='topic-block-title']//h2[text()='Welcome to our store']}
	at sun.reflect.GeneratedConstructorAccessor19.newInstance(Unknown Source)
	at sun.reflect.DelegatingConstructorAccessorImpl.newInstance(DelegatingConstructorAccessorImpl.java:45)
	at java.lang.reflect.Constructor.newInstance(Constructor.java:423)
	at org.openqa.selenium.remote.http.W3CHttpResponseCodec.createException(W3CHttpResponseCodec.java:187)
	at org.openqa.selenium.remote.http.W3CHttpResponseCodec.decode(W3CHttpResponseCodec.java:122)
	at org.openqa.selenium.remote.http.W3CHttpResponseCodec.decode(W3CHttpResponseCodec.java:49)
	at org.openqa.selenium.remote.HttpCommandExecutor.execute(HttpCommandExecutor.java:158)
	at org.openqa.selenium.remote.service.DriverCommandExecutor.execute(DriverCommandExecutor.java:83)
	at org.openqa.selenium.remote.RemoteWebDriver.execute(RemoteWebDriver.java:552)
	at org.openqa.selenium.remote.RemoteWebDriver.findElement(RemoteWebDriver.java:323)
	at org.openqa.selenium.remote.RemoteWebDriver.findElementByXPath(RemoteWebDriver.java:428)
	at org.openqa.selenium.By$ByXPath.findElement(By.java:353)
	at org.openqa.selenium.remote.RemoteWebDriver.findElement(RemoteWebDriver.java:315)
	at org.openqa.selenium.support.pagefactory.DefaultElementLocator.findElement(DefaultElementLocator.java:69)
	at org.openqa.selenium.support.pagefactory.internal.LocatingElementHandler.invoke(LocatingElementHandler.java:38)
	at com.sun.proxy.$Proxy19.getText(Unknown Source)
	at com.demo.nopcommerce.utility.Utility.getTextFromElement(Utility.java:102)
	at com.demo.nopcommerce.pages.LoginPage.assertgetWelcomeStoreText(LoginPage.java:68)
	at com.demo.nopcommerce.cucumber.stepdefs.MyStepdefs.iShouldLoginSuccessfully(MyStepdefs.java:45)
	at ✽.Then I should login successfully(src/test/java/com/demo/nopcommerce/resources/featurefile/login.feature:23)
</pre></pre></td>
                                                    </tr>
                                        </tbody>
                                    </table>
                                </div>
                            </div>
                        </li>
                </ul>
        </div>
    </div>

    <div class='subview-right left'>
        <div class='view-summary'>
            <h5 class='exception-name'></h5>
        </div>
    </div>
</div>
<!-- exception view -->
<div id='dashboard-view' class='view hide'>
	<div class='card-panel transparent np-v'>
		<h5>Dashboard</h5>

		<div class='row'>
			<div class='col s2'>
				<div class='card-panel r'>
					Features
					<div class='panel-lead'>2</div>
				</div>
			</div>
			<div class='col s2'>
				<div class='card-panel r'>
					Scenarios
					<div class='panel-lead'>16</div>
				</div>
			</div>
			<div class='col s2'>
				<div class='card-panel r'>
					Steps
					<div class='panel-lead'>127</div>
				</div>
			</div>
			<div class='col s2'>
				<div class='card-panel r'>
					Start
					<div class='panel-lead'>Apr 29, 2020 04:34:28 PM</div>
				</div>
			</div>
			<div class='col s2'>
				<div class='card-panel r'>
			 		End
			 		<div class='panel-lead'>Apr 29, 2020 04:42:41 PM</div>
				</div>
			</div>
			<div class='col s2'>
				<div class='card-panel r'>
					Time Taken
					<div class='panel-lead'>492,853ms</div>
				</div>
			</div>
			<div class='col s4'>
				<div class='card-panel dashboard-environment'>
					<span class='right label cyan white-text'>Environment</span><p>&nbsp;</p>
					
					<table>
						<tr>
							<th>Name</th>
							<th>Value</th>
						</tr>
							<tr>
								<td>User Name</td>
								<td>VB-HP2</td>
							</tr>
							<tr>
								<td>Time Zone</td>
								<td>Europe/London</td>
							</tr>
							<tr>
								<td>Machine</td>
								<td>Windows 1064 Bit</td>
							</tr>
							<tr>
								<td>Selenium</td>
								<td>3.141.59</td>
							</tr>
							<tr>
								<td>Maven</td>
								<td>3.5.2</td>
							</tr>
							<tr>
								<td>Java Version</td>
								<td>1.8.0_151</td>
							</tr>
					</table>
				</div>
			</div>
		</div>
	</div>
</div>
<!-- dashboard view -->
<!-- testrunner-logs view -->
		</div>
		<!-- container -->

		<script>
			var statusGroup = {
				passParent: 1,
				failParent: 1,
				fatalParent: 0,
				errorParent: 0,
				warningParent: 0,
				skipParent: 0,
				exceptionsParent: 1,
				
				passChild: 10,
				failChild: 6,
				fatalChild: 0,
				errorChild: 0,
				warningChild: 0,
				skipChild: 0,
				infoChild: 0,
				exceptionsChild: 6,
				
				passGrandChild: 121,
				failGrandChild: 6,
				fatalGrandChild: 0,
				errorGrandChild: 0,
				warningGrandChild: 0,
				skipGrandChild: 0,
				infoGrandChild: 0,
				exceptionsGrandChild: 6,
			};
		</script>
		
			<script src='https://cdn.rawgit.com/anshooarora/extentreports-java/fca20fb7653aade98810546ab96a2a4360e3e712/dist/js/extent.js' type='text/javascript'></script>
		
		
 		<script type='text/javascript'>
 			
            
        $(document).ready(function() {

        });
      
        
 		</script>
	</body>
	
</html>
